[1/487] Building CXX object Tests/UnitTests/Core/Propagator/CMakeFiles/ActsUnitTestEigenStepper.dir/EigenStepperTests.cpp.o
FAILED: Tests/UnitTests/Core/Propagator/CMakeFiles/ActsUnitTestEigenStepper.dir/EigenStepperTests.cpp.o 
ccache /usr/bin/clang++ -DACTS_ENABLE_LOG_FAILURE_THRESHOLD -DBOOST_TEST_DYN_LINK -DBOOST_UNIT_TEST_FRAMEWORK_DYN_LINK -DBOOST_UNIT_TEST_FRAMEWORK_NO_LIB -DBOOST_TEST_MODULE=ActsUnitTestEigenStepper -I/Users/andreas/cern/source/acts/acts/dev3/Tests/UnitTests/Core/Propagator -I/Users/andreas/cern/source/acts/acts/dev3/Core/include -I/Users/andreas/cern/build/acts/acts/dev3/Core -I/Users/andreas/cern/source/acts/acts/dev3/Tests/CommonHelpers -isystem /Users/andreas/cern/source/acts/acts/dev3/cmake/assert_include -isystem /opt/homebrew/include -isystem /Users/andreas/cern/install/eigen/3.4.0/include/eigen3 -Wall -Wextra -Wpedantic -Wshadow -Wzero-as-null-pointer-constant -Wold-style-cast -Wfloat-conversion -Wnull-dereference  -O2 -g -DNDEBUG -std=c++20 -arch arm64 -isysroot /Applications/Xcode.app/Contents/Developer/Platforms/MacOSX.platform/Developer/SDKs/MacOSX.sdk -fcolor-diagnostics -MD -MT Tests/UnitTests/Core/Propagator/CMakeFiles/ActsUnitTestEigenStepper.dir/EigenStepperTests.cpp.o -MF Tests/UnitTests/Core/Propagator/CMakeFiles/ActsUnitTestEigenStepper.dir/EigenStepperTests.cpp.o.d -o Tests/UnitTests/Core/Propagator/CMakeFiles/ActsUnitTestEigenStepper.dir/EigenStepperTests.cpp.o -c /Users/andreas/cern/source/acts/acts/dev3/Tests/UnitTests/Core/Propagator/EigenStepperTests.cpp
In file included from /Users/andreas/cern/source/acts/acts/dev3/Tests/UnitTests/Core/Propagator/EigenStepperTests.cpp:34:
In file included from /Users/andreas/cern/source/acts/acts/dev3/Core/include/Acts/Propagator/ActorList.hpp:11:
/Users/andreas/cern/source/acts/acts/dev3/Core/include/Acts/Propagator/detail/actor_list_implementation.hpp:28:11: error: no member named 'act' in 'Acts::Test::StepCollector'
    actor.act(state, stepper, navigator,
    ~~~~~ ^
/Users/andreas/cern/source/acts/acts/dev3/Core/include/Acts/Propagator/detail/actor_list_implementation.hpp:81:31: note: in instantiation of function template specialization 'Acts::detail::(anonymous namespace)::actor_caller<>::act<Acts::Test::StepCollector, Acts::PropagatorState<Acts::PropagatorOptions<Acts::EigenStepper<Acts::StepperExtensionList<Acts::DefaultExtension, Acts::DenseEnvironmentExtension>, Acts::detail::HighestValidAuctioneer>::Options, Acts::Navigator::Options, Acts::ActorList<Acts::Test::StepCollector, Acts::Test::EndOfWorld, Acts::PathLimitReached>>, Acts::EigenStepper<Acts::StepperExtensionList<Acts::DefaultExtension, Acts::DenseEnvironmentExtension>, Acts::detail::HighestValidAuctioneer>::State, Acts::Navigator::State, Acts::Test::StepCollector::this_result>, Acts::EigenStepper<Acts::StepperExtensionList<Acts::DefaultExtension, Acts::DenseEnvironmentExtension>, Acts::detail::HighestValidAuctioneer>, Acts::Navigator, const Acts::Logger &>' requested here
    actor_caller<has_result>::act(this_actor, state, stepper, navigator,
                              ^
/Users/andreas/cern/source/acts/acts/dev3/Core/include/Acts/Propagator/ActorList.hpp:107:11: note: in instantiation of function template specialization 'Acts::detail::actor_list_impl<Acts::Test::StepCollector, Acts::Test::EndOfWorld, Acts::PathLimitReached>::act<std::tuple<Acts::Test::StepCollector, Acts::Test::EndOfWorld, Acts::PathLimitReached>, Acts::PropagatorState<Acts::PropagatorOptions<Acts::EigenStepper<Acts::StepperExtensionList<Acts::DefaultExtension, Acts::DenseEnvironmentExtension>, Acts::detail::HighestValidAuctioneer>::Options, Acts::Navigator::Options, Acts::ActorList<Acts::Test::StepCollector, Acts::Test::EndOfWorld, Acts::PathLimitReached>>, Acts::EigenStepper<Acts::StepperExtensionList<Acts::DefaultExtension, Acts::DenseEnvironmentExtension>, Acts::detail::HighestValidAuctioneer>::State, Acts::Navigator::State, Acts::Test::StepCollector::this_result>, Acts::EigenStepper<Acts::StepperExtensionList<Acts::DefaultExtension, Acts::DenseEnvironmentExtension>, Acts::detail::HighestValidAuctioneer>, Acts::Navigator, const Acts::Logger &>' requested here
    impl::act(tuple(), state, stepper, navigator, std::forward<Args>(args)...);
          ^
/Users/andreas/cern/source/acts/acts/dev3/Core/include/Acts/Propagator/Propagator.ipp:36:27: note: in instantiation of function template specialization 'Acts::ActorList<Acts::Test::StepCollector, Acts::Test::EndOfWorld, Acts::PathLimitReached>::act<Acts::PropagatorState<Acts::PropagatorOptions<Acts::EigenStepper<Acts::StepperExtensionList<Acts::DefaultExtension, Acts::DenseEnvironmentExtension>, Acts::detail::HighestValidAuctioneer>::Options, Acts::Navigator::Options, Acts::ActorList<Acts::Test::StepCollector, Acts::Test::EndOfWorld, Acts::PathLimitReached>>, Acts::EigenStepper<Acts::StepperExtensionList<Acts::DefaultExtension, Acts::DenseEnvironmentExtension>, Acts::detail::HighestValidAuctioneer>::State, Acts::Navigator::State, Acts::Test::StepCollector::this_result>, Acts::EigenStepper<Acts::StepperExtensionList<Acts::DefaultExtension, Acts::DenseEnvironmentExtension>, Acts::detail::HighestValidAuctioneer>, Acts::Navigator, const Acts::Logger &>' requested here
  state.options.actorList.act(state, m_stepper, m_navigator, logger());
                          ^
/Users/andreas/cern/source/acts/acts/dev3/Core/include/Acts/Propagator/Propagator.ipp:122:28: note: in instantiation of function template specialization 'Acts::Propagator<Acts::EigenStepper<Acts::StepperExtensionList<Acts::DefaultExtension, Acts::DenseEnvironmentExtension>, Acts::detail::HighestValidAuctioneer>, Acts::Navigator>::propagate<Acts::PropagatorState<Acts::PropagatorOptions<Acts::EigenStepper<Acts::StepperExtensionList<Acts::DefaultExtension, Acts::DenseEnvironmentExtension>, Acts::detail::HighestValidAuctioneer>::Options, Acts::Navigator::Options, Acts::ActorList<Acts::Test::StepCollector, Acts::Test::EndOfWorld, Acts::PathLimitReached>>, Acts::EigenStepper<Acts::StepperExtensionList<Acts::DefaultExtension, Acts::DenseEnvironmentExtension>, Acts::detail::HighestValidAuctioneer>::State, Acts::Navigator::State, Acts::Test::StepCollector::this_result>>' requested here
  auto propagationResult = propagate(state);
                           ^
/Users/andreas/cern/source/acts/acts/dev3/Tests/UnitTests/Core/Propagator/EigenStepperTests.cpp:605:29: note: in instantiation of function template specialization 'Acts::Propagator<Acts::EigenStepper<Acts::StepperExtensionList<Acts::DefaultExtension, Acts::DenseEnvironmentExtension>, Acts::detail::HighestValidAuctioneer>, Acts::Navigator>::propagate<Acts::GenericCurvilinearTrackParameters<Acts::ParticleHypothesis>, Acts::PropagatorOptions<Acts::EigenStepper<Acts::StepperExtensionList<Acts::DefaultExtension, Acts::DenseEnvironmentExtension>, Acts::detail::HighestValidAuctioneer>::Options, Acts::Navigator::Options, Acts::ActorList<Acts::Test::StepCollector, Acts::Test::EndOfWorld>>, Acts::PathLimitReached>' requested here
  const auto& result = prop.propagate(sbtp, propOpts).value();
                            ^
In file included from /Users/andreas/cern/source/acts/acts/dev3/Tests/UnitTests/Core/Propagator/EigenStepperTests.cpp:34:
In file included from /Users/andreas/cern/source/acts/acts/dev3/Core/include/Acts/Propagator/ActorList.hpp:11:
/Users/andreas/cern/source/acts/acts/dev3/Core/include/Acts/Propagator/detail/actor_list_implementation.hpp:52:11: error: no member named 'act' in 'Acts::Test::EndOfWorld'
    actor.act(state, stepper, navigator, std::forward<Args>(args)...);
    ~~~~~ ^
/Users/andreas/cern/source/acts/acts/dev3/Core/include/Acts/Propagator/detail/actor_list_implementation.hpp:81:31: note: in instantiation of function template specialization 'Acts::detail::(anonymous namespace)::actor_caller<false>::act<Acts::Test::EndOfWorld, Acts::PropagatorState<Acts::PropagatorOptions<Acts::EigenStepper<Acts::StepperExtensionList<Acts::DefaultExtension, Acts::DenseEnvironmentExtension>, Acts::detail::HighestValidAuctioneer>::Options, Acts::Navigator::Options, Acts::ActorList<Acts::Test::StepCollector, Acts::Test::EndOfWorld, Acts::PathLimitReached>>, Acts::EigenStepper<Acts::StepperExtensionList<Acts::DefaultExtension, Acts::DenseEnvironmentExtension>, Acts::detail::HighestValidAuctioneer>::State, Acts::Navigator::State, Acts::Test::StepCollector::this_result>, Acts::EigenStepper<Acts::StepperExtensionList<Acts::DefaultExtension, Acts::DenseEnvironmentExtension>, Acts::detail::HighestValidAuctioneer>, Acts::Navigator, const Acts::Logger &>' requested here
    actor_caller<has_result>::act(this_actor, state, stepper, navigator,
                              ^
/Users/andreas/cern/source/acts/acts/dev3/Core/include/Acts/Propagator/detail/actor_list_implementation.hpp:83:33: note: in instantiation of function template specialization 'Acts::detail::actor_list_impl<Acts::Test::EndOfWorld, Acts::PathLimitReached>::act<std::tuple<Acts::Test::StepCollector, Acts::Test::EndOfWorld, Acts::PathLimitReached>, Acts::PropagatorState<Acts::PropagatorOptions<Acts::EigenStepper<Acts::StepperExtensionList<Acts::DefaultExtension, Acts::DenseEnvironmentExtension>, Acts::detail::HighestValidAuctioneer>::Options, Acts::Navigator::Options, Acts::ActorList<Acts::Test::StepCollector, Acts::Test::EndOfWorld, Acts::PathLimitReached>>, Acts::EigenStepper<Acts::StepperExtensionList<Acts::DefaultExtension, Acts::DenseEnvironmentExtension>, Acts::detail::HighestValidAuctioneer>::State, Acts::Navigator::State, Acts::Test::StepCollector::this_result>, Acts::EigenStepper<Acts::StepperExtensionList<Acts::DefaultExtension, Acts::DenseEnvironmentExtension>, Acts::detail::HighestValidAuctioneer>, Acts::Navigator, const Acts::Logger &>' requested here
    actor_list_impl<others...>::act(actors_tuple, state, stepper, navigator,
                                ^
/Users/andreas/cern/source/acts/acts/dev3/Core/include/Acts/Propagator/ActorList.hpp:107:11: note: in instantiation of function template specialization 'Acts::detail::actor_list_impl<Acts::Test::StepCollector, Acts::Test::EndOfWorld, Acts::PathLimitReached>::act<std::tuple<Acts::Test::StepCollector, Acts::Test::EndOfWorld, Acts::PathLimitReached>, Acts::PropagatorState<Acts::PropagatorOptions<Acts::EigenStepper<Acts::StepperExtensionList<Acts::DefaultExtension, Acts::DenseEnvironmentExtension>, Acts::detail::HighestValidAuctioneer>::Options, Acts::Navigator::Options, Acts::ActorList<Acts::Test::StepCollector, Acts::Test::EndOfWorld, Acts::PathLimitReached>>, Acts::EigenStepper<Acts::StepperExtensionList<Acts::DefaultExtension, Acts::DenseEnvironmentExtension>, Acts::detail::HighestValidAuctioneer>::State, Acts::Navigator::State, Acts::Test::StepCollector::this_result>, Acts::EigenStepper<Acts::StepperExtensionList<Acts::DefaultExtension, Acts::DenseEnvironmentExtension>, Acts::detail::HighestValidAuctioneer>, Acts::Navigator, const Acts::Logger &>' requested here
    impl::act(tuple(), state, stepper, navigator, std::forward<Args>(args)...);
          ^
/Users/andreas/cern/source/acts/acts/dev3/Core/include/Acts/Propagator/Propagator.ipp:36:27: note: in instantiation of function template specialization 'Acts::ActorList<Acts::Test::StepCollector, Acts::Test::EndOfWorld, Acts::PathLimitReached>::act<Acts::PropagatorState<Acts::PropagatorOptions<Acts::EigenStepper<Acts::StepperExtensionList<Acts::DefaultExtension, Acts::DenseEnvironmentExtension>, Acts::detail::HighestValidAuctioneer>::Options, Acts::Navigator::Options, Acts::ActorList<Acts::Test::StepCollector, Acts::Test::EndOfWorld, Acts::PathLimitReached>>, Acts::EigenStepper<Acts::StepperExtensionList<Acts::DefaultExtension, Acts::DenseEnvironmentExtension>, Acts::detail::HighestValidAuctioneer>::State, Acts::Navigator::State, Acts::Test::StepCollector::this_result>, Acts::EigenStepper<Acts::StepperExtensionList<Acts::DefaultExtension, Acts::DenseEnvironmentExtension>, Acts::detail::HighestValidAuctioneer>, Acts::Navigator, const Acts::Logger &>' requested here
  state.options.actorList.act(state, m_stepper, m_navigator, logger());
                          ^
/Users/andreas/cern/source/acts/acts/dev3/Core/include/Acts/Propagator/Propagator.ipp:122:28: note: in instantiation of function template specialization 'Acts::Propagator<Acts::EigenStepper<Acts::StepperExtensionList<Acts::DefaultExtension, Acts::DenseEnvironmentExtension>, Acts::detail::HighestValidAuctioneer>, Acts::Navigator>::propagate<Acts::PropagatorState<Acts::PropagatorOptions<Acts::EigenStepper<Acts::StepperExtensionList<Acts::DefaultExtension, Acts::DenseEnvironmentExtension>, Acts::detail::HighestValidAuctioneer>::Options, Acts::Navigator::Options, Acts::ActorList<Acts::Test::StepCollector, Acts::Test::EndOfWorld, Acts::PathLimitReached>>, Acts::EigenStepper<Acts::StepperExtensionList<Acts::DefaultExtension, Acts::DenseEnvironmentExtension>, Acts::detail::HighestValidAuctioneer>::State, Acts::Navigator::State, Acts::Test::StepCollector::this_result>>' requested here
  auto propagationResult = propagate(state);
                           ^
/Users/andreas/cern/source/acts/acts/dev3/Tests/UnitTests/Core/Propagator/EigenStepperTests.cpp:605:29: note: in instantiation of function template specialization 'Acts::Propagator<Acts::EigenStepper<Acts::StepperExtensionList<Acts::DefaultExtension, Acts::DenseEnvironmentExtension>, Acts::detail::HighestValidAuctioneer>, Acts::Navigator>::propagate<Acts::GenericCurvilinearTrackParameters<Acts::ParticleHypothesis>, Acts::PropagatorOptions<Acts::EigenStepper<Acts::StepperExtensionList<Acts::DefaultExtension, Acts::DenseEnvironmentExtension>, Acts::detail::HighestValidAuctioneer>::Options, Acts::Navigator::Options, Acts::ActorList<Acts::Test::StepCollector, Acts::Test::EndOfWorld>>, Acts::PathLimitReached>' requested here
  const auto& result = prop.propagate(sbtp, propOpts).value();
                            ^
In file included from /Users/andreas/cern/source/acts/acts/dev3/Tests/UnitTests/Core/Propagator/EigenStepperTests.cpp:34:
In file included from /Users/andreas/cern/source/acts/acts/dev3/Core/include/Acts/Propagator/ActorList.hpp:11:
/Users/andreas/cern/source/acts/acts/dev3/Core/include/Acts/Propagator/detail/actor_list_implementation.hpp:38:18: error: no member named 'check' in 'Acts::Test::StepCollector'
    return actor.check(state, stepper, navigator,
           ~~~~~ ^
/Users/andreas/cern/source/acts/acts/dev3/Core/include/Acts/Propagator/detail/actor_list_implementation.hpp:94:38: note: in instantiation of function template specialization 'Acts::detail::(anonymous namespace)::actor_caller<>::check<Acts::Test::StepCollector, Acts::PropagatorState<Acts::PropagatorOptions<Acts::EigenStepper<Acts::StepperExtensionList<Acts::DefaultExtension, Acts::DenseEnvironmentExtension>, Acts::detail::HighestValidAuctioneer>::Options, Acts::Navigator::Options, Acts::ActorList<Acts::Test::StepCollector, Acts::Test::EndOfWorld, Acts::PathLimitReached>>, Acts::EigenStepper<Acts::StepperExtensionList<Acts::DefaultExtension, Acts::DenseEnvironmentExtension>, Acts::detail::HighestValidAuctioneer>::State, Acts::Navigator::State, Acts::Test::StepCollector::this_result>, Acts::EigenStepper<Acts::StepperExtensionList<Acts::DefaultExtension, Acts::DenseEnvironmentExtension>, Acts::detail::HighestValidAuctioneer>, Acts::Navigator, const Acts::Logger &>' requested here
    return actor_caller<has_result>::check(this_actor, state, stepper,
                                     ^
/Users/andreas/cern/source/acts/acts/dev3/Core/include/Acts/Propagator/ActorList.hpp:125:18: note: in instantiation of function template specialization 'Acts::detail::actor_list_impl<Acts::Test::StepCollector, Acts::Test::EndOfWorld, Acts::PathLimitReached>::check<std::tuple<Acts::Test::StepCollector, Acts::Test::EndOfWorld, Acts::PathLimitReached>, Acts::PropagatorState<Acts::PropagatorOptions<Acts::EigenStepper<Acts::StepperExtensionList<Acts::DefaultExtension, Acts::DenseEnvironmentExtension>, Acts::detail::HighestValidAuctioneer>::Options, Acts::Navigator::Options, Acts::ActorList<Acts::Test::StepCollector, Acts::Test::EndOfWorld, Acts::PathLimitReached>>, Acts::EigenStepper<Acts::StepperExtensionList<Acts::DefaultExtension, Acts::DenseEnvironmentExtension>, Acts::detail::HighestValidAuctioneer>::State, Acts::Navigator::State, Acts::Test::StepCollector::this_result>, Acts::EigenStepper<Acts::StepperExtensionList<Acts::DefaultExtension, Acts::DenseEnvironmentExtension>, Acts::detail::HighestValidAuctioneer>, Acts::Navigator, const Acts::Logger &>' requested here
    return impl::check(tuple(), state, stepper, navigator,
                 ^
/Users/andreas/cern/source/acts/acts/dev3/Core/include/Acts/Propagator/Propagator.ipp:44:32: note: in instantiation of function template specialization 'Acts::ActorList<Acts::Test::StepCollector, Acts::Test::EndOfWorld, Acts::PathLimitReached>::check<Acts::PropagatorState<Acts::PropagatorOptions<Acts::EigenStepper<Acts::StepperExtensionList<Acts::DefaultExtension, Acts::DenseEnvironmentExtension>, Acts::detail::HighestValidAuctioneer>::Options, Acts::Navigator::Options, Acts::ActorList<Acts::Test::StepCollector, Acts::Test::EndOfWorld, Acts::PathLimitReached>>, Acts::EigenStepper<Acts::StepperExtensionList<Acts::DefaultExtension, Acts::DenseEnvironmentExtension>, Acts::detail::HighestValidAuctioneer>::State, Acts::Navigator::State, Acts::Test::StepCollector::this_result>, Acts::EigenStepper<Acts::StepperExtensionList<Acts::DefaultExtension, Acts::DenseEnvironmentExtension>, Acts::detail::HighestValidAuctioneer>, Acts::Navigator, const Acts::Logger &>' requested here
  if (!state.options.actorList.check(state, m_stepper, m_navigator, logger())) {
                               ^
/Users/andreas/cern/source/acts/acts/dev3/Core/include/Acts/Propagator/Propagator.ipp:122:28: note: in instantiation of function template specialization 'Acts::Propagator<Acts::EigenStepper<Acts::StepperExtensionList<Acts::DefaultExtension, Acts::DenseEnvironmentExtension>, Acts::detail::HighestValidAuctioneer>, Acts::Navigator>::propagate<Acts::PropagatorState<Acts::PropagatorOptions<Acts::EigenStepper<Acts::StepperExtensionList<Acts::DefaultExtension, Acts::DenseEnvironmentExtension>, Acts::detail::HighestValidAuctioneer>::Options, Acts::Navigator::Options, Acts::ActorList<Acts::Test::StepCollector, Acts::Test::EndOfWorld, Acts::PathLimitReached>>, Acts::EigenStepper<Acts::StepperExtensionList<Acts::DefaultExtension, Acts::DenseEnvironmentExtension>, Acts::detail::HighestValidAuctioneer>::State, Acts::Navigator::State, Acts::Test::StepCollector::this_result>>' requested here
  auto propagationResult = propagate(state);
                           ^
/Users/andreas/cern/source/acts/acts/dev3/Tests/UnitTests/Core/Propagator/EigenStepperTests.cpp:605:29: note: in instantiation of function template specialization 'Acts::Propagator<Acts::EigenStepper<Acts::StepperExtensionList<Acts::DefaultExtension, Acts::DenseEnvironmentExtension>, Acts::detail::HighestValidAuctioneer>, Acts::Navigator>::propagate<Acts::GenericCurvilinearTrackParameters<Acts::ParticleHypothesis>, Acts::PropagatorOptions<Acts::EigenStepper<Acts::StepperExtensionList<Acts::DefaultExtension, Acts::DenseEnvironmentExtension>, Acts::detail::HighestValidAuctioneer>::Options, Acts::Navigator::Options, Acts::ActorList<Acts::Test::StepCollector, Acts::Test::EndOfWorld>>, Acts::PathLimitReached>' requested here
  const auto& result = prop.propagate(sbtp, propOpts).value();
                            ^
In file included from /Users/andreas/cern/source/acts/acts/dev3/Tests/UnitTests/Core/Propagator/EigenStepperTests.cpp:34:
In file included from /Users/andreas/cern/source/acts/acts/dev3/Core/include/Acts/Propagator/ActorList.hpp:11:
/Users/andreas/cern/source/acts/acts/dev3/Core/include/Acts/Propagator/detail/actor_list_implementation.hpp:60:18: error: no member named 'check' in 'Acts::Test::EndOfWorld'
    return actor.check(state, stepper, navigator, std::forward<Args>(args)...);
           ~~~~~ ^
/Users/andreas/cern/source/acts/acts/dev3/Core/include/Acts/Propagator/detail/actor_list_implementation.hpp:94:38: note: in instantiation of function template specialization 'Acts::detail::(anonymous namespace)::actor_caller<false>::check<Acts::Test::EndOfWorld, Acts::PropagatorState<Acts::PropagatorOptions<Acts::EigenStepper<Acts::StepperExtensionList<Acts::DefaultExtension, Acts::DenseEnvironmentExtension>, Acts::detail::HighestValidAuctioneer>::Options, Acts::Navigator::Options, Acts::ActorList<Acts::Test::StepCollector, Acts::Test::EndOfWorld, Acts::PathLimitReached>>, Acts::EigenStepper<Acts::StepperExtensionList<Acts::DefaultExtension, Acts::DenseEnvironmentExtension>, Acts::detail::HighestValidAuctioneer>::State, Acts::Navigator::State, Acts::Test::StepCollector::this_result>, Acts::EigenStepper<Acts::StepperExtensionList<Acts::DefaultExtension, Acts::DenseEnvironmentExtension>, Acts::detail::HighestValidAuctioneer>, Acts::Navigator, const Acts::Logger &>' requested here
    return actor_caller<has_result>::check(this_actor, state, stepper,
                                     ^
/Users/andreas/cern/source/acts/acts/dev3/Core/include/Acts/Propagator/detail/actor_list_implementation.hpp:96:40: note: in instantiation of function template specialization 'Acts::detail::actor_list_impl<Acts::Test::EndOfWorld, Acts::PathLimitReached>::check<std::tuple<Acts::Test::StepCollector, Acts::Test::EndOfWorld, Acts::PathLimitReached>, Acts::PropagatorState<Acts::PropagatorOptions<Acts::EigenStepper<Acts::StepperExtensionList<Acts::DefaultExtension, Acts::DenseEnvironmentExtension>, Acts::detail::HighestValidAuctioneer>::Options, Acts::Navigator::Options, Acts::ActorList<Acts::Test::StepCollector, Acts::Test::EndOfWorld, Acts::PathLimitReached>>, Acts::EigenStepper<Acts::StepperExtensionList<Acts::DefaultExtension, Acts::DenseEnvironmentExtension>, Acts::detail::HighestValidAuctioneer>::State, Acts::Navigator::State, Acts::Test::StepCollector::this_result>, Acts::EigenStepper<Acts::StepperExtensionList<Acts::DefaultExtension, Acts::DenseEnvironmentExtension>, Acts::detail::HighestValidAuctioneer>, Acts::Navigator, const Acts::Logger &>' requested here
           actor_list_impl<others...>::check(actors_tuple, state, stepper,
                                       ^
/Users/andreas/cern/source/acts/acts/dev3/Core/include/Acts/Propagator/ActorList.hpp:125:18: note: in instantiation of function template specialization 'Acts::detail::actor_list_impl<Acts::Test::StepCollector, Acts::Test::EndOfWorld, Acts::PathLimitReached>::check<std::tuple<Acts::Test::StepCollector, Acts::Test::EndOfWorld, Acts::PathLimitReached>, Acts::PropagatorState<Acts::PropagatorOptions<Acts::EigenStepper<Acts::StepperExtensionList<Acts::DefaultExtension, Acts::DenseEnvironmentExtension>, Acts::detail::HighestValidAuctioneer>::Options, Acts::Navigator::Options, Acts::ActorList<Acts::Test::StepCollector, Acts::Test::EndOfWorld, Acts::PathLimitReached>>, Acts::EigenStepper<Acts::StepperExtensionList<Acts::DefaultExtension, Acts::DenseEnvironmentExtension>, Acts::detail::HighestValidAuctioneer>::State, Acts::Navigator::State, Acts::Test::StepCollector::this_result>, Acts::EigenStepper<Acts::StepperExtensionList<Acts::DefaultExtension, Acts::DenseEnvironmentExtension>, Acts::detail::HighestValidAuctioneer>, Acts::Navigator, const Acts::Logger &>' requested here
    return impl::check(tuple(), state, stepper, navigator,
                 ^
/Users/andreas/cern/source/acts/acts/dev3/Core/include/Acts/Propagator/Propagator.ipp:44:32: note: in instantiation of function template specialization 'Acts::ActorList<Acts::Test::StepCollector, Acts::Test::EndOfWorld, Acts::PathLimitReached>::check<Acts::PropagatorState<Acts::PropagatorOptions<Acts::EigenStepper<Acts::StepperExtensionList<Acts::DefaultExtension, Acts::DenseEnvironmentExtension>, Acts::detail::HighestValidAuctioneer>::Options, Acts::Navigator::Options, Acts::ActorList<Acts::Test::StepCollector, Acts::Test::EndOfWorld, Acts::PathLimitReached>>, Acts::EigenStepper<Acts::StepperExtensionList<Acts::DefaultExtension, Acts::DenseEnvironmentExtension>, Acts::detail::HighestValidAuctioneer>::State, Acts::Navigator::State, Acts::Test::StepCollector::this_result>, Acts::EigenStepper<Acts::StepperExtensionList<Acts::DefaultExtension, Acts::DenseEnvironmentExtension>, Acts::detail::HighestValidAuctioneer>, Acts::Navigator, const Acts::Logger &>' requested here
  if (!state.options.actorList.check(state, m_stepper, m_navigator, logger())) {
                               ^
/Users/andreas/cern/source/acts/acts/dev3/Core/include/Acts/Propagator/Propagator.ipp:122:28: note: in instantiation of function template specialization 'Acts::Propagator<Acts::EigenStepper<Acts::StepperExtensionList<Acts::DefaultExtension, Acts::DenseEnvironmentExtension>, Acts::detail::HighestValidAuctioneer>, Acts::Navigator>::propagate<Acts::PropagatorState<Acts::PropagatorOptions<Acts::EigenStepper<Acts::StepperExtensionList<Acts::DefaultExtension, Acts::DenseEnvironmentExtension>, Acts::detail::HighestValidAuctioneer>::Options, Acts::Navigator::Options, Acts::ActorList<Acts::Test::StepCollector, Acts::Test::EndOfWorld, Acts::PathLimitReached>>, Acts::EigenStepper<Acts::StepperExtensionList<Acts::DefaultExtension, Acts::DenseEnvironmentExtension>, Acts::detail::HighestValidAuctioneer>::State, Acts::Navigator::State, Acts::Test::StepCollector::this_result>>' requested here
  auto propagationResult = propagate(state);
                           ^
/Users/andreas/cern/source/acts/acts/dev3/Tests/UnitTests/Core/Propagator/EigenStepperTests.cpp:605:29: note: in instantiation of function template specialization 'Acts::Propagator<Acts::EigenStepper<Acts::StepperExtensionList<Acts::DefaultExtension, Acts::DenseEnvironmentExtension>, Acts::detail::HighestValidAuctioneer>, Acts::Navigator>::propagate<Acts::GenericCurvilinearTrackParameters<Acts::ParticleHypothesis>, Acts::PropagatorOptions<Acts::EigenStepper<Acts::StepperExtensionList<Acts::DefaultExtension, Acts::DenseEnvironmentExtension>, Acts::detail::HighestValidAuctioneer>::Options, Acts::Navigator::Options, Acts::ActorList<Acts::Test::StepCollector, Acts::Test::EndOfWorld>>, Acts::PathLimitReached>' requested here
  const auto& result = prop.propagate(sbtp, propOpts).value();
                            ^
In file included from /Users/andreas/cern/source/acts/acts/dev3/Tests/UnitTests/Core/Propagator/EigenStepperTests.cpp:34:
In file included from /Users/andreas/cern/source/acts/acts/dev3/Core/include/Acts/Propagator/ActorList.hpp:11:
/Users/andreas/cern/source/acts/acts/dev3/Core/include/Acts/Propagator/detail/actor_list_implementation.hpp:28:11: error: no member named 'act' in 'Acts::Test::StepCollector'
    actor.act(state, stepper, navigator,
    ~~~~~ ^
/Users/andreas/cern/source/acts/acts/dev3/Core/include/Acts/Propagator/detail/actor_list_implementation.hpp:81:31: note: in instantiation of function template specialization 'Acts::detail::(anonymous namespace)::actor_caller<>::act<Acts::Test::StepCollector, Acts::PropagatorState<Acts::PropagatorOptions<Acts::EigenStepper<Acts::StepperExtensionList<Acts::DenseEnvironmentExtension>, Acts::detail::HighestValidAuctioneer>::Options, Acts::Navigator::Options, Acts::ActorList<Acts::Test::StepCollector, Acts::Test::EndOfWorld, Acts::PathLimitReached>>, Acts::EigenStepper<Acts::StepperExtensionList<Acts::DenseEnvironmentExtension>, Acts::detail::HighestValidAuctioneer>::State, Acts::Navigator::State, Acts::Test::StepCollector::this_result>, Acts::EigenStepper<Acts::StepperExtensionList<Acts::DenseEnvironmentExtension>, Acts::detail::HighestValidAuctioneer>, Acts::Navigator, const Acts::Logger &>' requested here
    actor_caller<has_result>::act(this_actor, state, stepper, navigator,
                              ^
/Users/andreas/cern/source/acts/acts/dev3/Core/include/Acts/Propagator/ActorList.hpp:107:11: note: in instantiation of function template specialization 'Acts::detail::actor_list_impl<Acts::Test::StepCollector, Acts::Test::EndOfWorld, Acts::PathLimitReached>::act<std::tuple<Acts::Test::StepCollector, Acts::Test::EndOfWorld, Acts::PathLimitReached>, Acts::PropagatorState<Acts::PropagatorOptions<Acts::EigenStepper<Acts::StepperExtensionList<Acts::DenseEnvironmentExtension>, Acts::detail::HighestValidAuctioneer>::Options, Acts::Navigator::Options, Acts::ActorList<Acts::Test::StepCollector, Acts::Test::EndOfWorld, Acts::PathLimitReached>>, Acts::EigenStepper<Acts::StepperExtensionList<Acts::DenseEnvironmentExtension>, Acts::detail::HighestValidAuctioneer>::State, Acts::Navigator::State, Acts::Test::StepCollector::this_result>, Acts::EigenStepper<Acts::StepperExtensionList<Acts::DenseEnvironmentExtension>, Acts::detail::HighestValidAuctioneer>, Acts::Navigator, const Acts::Logger &>' requested here
    impl::act(tuple(), state, stepper, navigator, std::forward<Args>(args)...);
          ^
/Users/andreas/cern/source/acts/acts/dev3/Core/include/Acts/Propagator/Propagator.ipp:36:27: note: in instantiation of function template specialization 'Acts::ActorList<Acts::Test::StepCollector, Acts::Test::EndOfWorld, Acts::PathLimitReached>::act<Acts::PropagatorState<Acts::PropagatorOptions<Acts::EigenStepper<Acts::StepperExtensionList<Acts::DenseEnvironmentExtension>, Acts::detail::HighestValidAuctioneer>::Options, Acts::Navigator::Options, Acts::ActorList<Acts::Test::StepCollector, Acts::Test::EndOfWorld, Acts::PathLimitReached>>, Acts::EigenStepper<Acts::StepperExtensionList<Acts::DenseEnvironmentExtension>, Acts::detail::HighestValidAuctioneer>::State, Acts::Navigator::State, Acts::Test::StepCollector::this_result>, Acts::EigenStepper<Acts::StepperExtensionList<Acts::DenseEnvironmentExtension>, Acts::detail::HighestValidAuctioneer>, Acts::Navigator, const Acts::Logger &>' requested here
  state.options.actorList.act(state, m_stepper, m_navigator, logger());
                          ^
/Users/andreas/cern/source/acts/acts/dev3/Core/include/Acts/Propagator/Propagator.ipp:122:28: note: in instantiation of function template specialization 'Acts::Propagator<Acts::EigenStepper<Acts::StepperExtensionList<Acts::DenseEnvironmentExtension>, Acts::detail::HighestValidAuctioneer>, Acts::Navigator>::propagate<Acts::PropagatorState<Acts::PropagatorOptions<Acts::EigenStepper<Acts::StepperExtensionList<Acts::DenseEnvironmentExtension>, Acts::detail::HighestValidAuctioneer>::Options, Acts::Navigator::Options, Acts::ActorList<Acts::Test::StepCollector, Acts::Test::EndOfWorld, Acts::PathLimitReached>>, Acts::EigenStepper<Acts::StepperExtensionList<Acts::DenseEnvironmentExtension>, Acts::detail::HighestValidAuctioneer>::State, Acts::Navigator::State, Acts::Test::StepCollector::this_result>>' requested here
  auto propagationResult = propagate(state);
                           ^
/Users/andreas/cern/source/acts/acts/dev3/Tests/UnitTests/Core/Propagator/EigenStepperTests.cpp:747:39: note: in instantiation of function template specialization 'Acts::Propagator<Acts::EigenStepper<Acts::StepperExtensionList<Acts::DenseEnvironmentExtension>, Acts::detail::HighestValidAuctioneer>, Acts::Navigator>::propagate<Acts::GenericCurvilinearTrackParameters<Acts::ParticleHypothesis>, Acts::PropagatorOptions<Acts::EigenStepper<Acts::StepperExtensionList<Acts::DenseEnvironmentExtension>, Acts::detail::HighestValidAuctioneer>::Options, Acts::Navigator::Options, Acts::ActorList<Acts::Test::StepCollector, Acts::Test::EndOfWorld>>, Acts::PathLimitReached>' requested here
  const auto& resultDense = propDense.propagate(sbtp, propOptsDense).value();
                                      ^
In file included from /Users/andreas/cern/source/acts/acts/dev3/Tests/UnitTests/Core/Propagator/EigenStepperTests.cpp:34:
In file included from /Users/andreas/cern/source/acts/acts/dev3/Core/include/Acts/Propagator/ActorList.hpp:11:
/Users/andreas/cern/source/acts/acts/dev3/Core/include/Acts/Propagator/detail/actor_list_implementation.hpp:52:11: error: no member named 'act' in 'Acts::Test::EndOfWorld'
    actor.act(state, stepper, navigator, std::forward<Args>(args)...);
    ~~~~~ ^
/Users/andreas/cern/source/acts/acts/dev3/Core/include/Acts/Propagator/detail/actor_list_implementation.hpp:81:31: note: in instantiation of function template specialization 'Acts::detail::(anonymous namespace)::actor_caller<false>::act<Acts::Test::EndOfWorld, Acts::PropagatorState<Acts::PropagatorOptions<Acts::EigenStepper<Acts::StepperExtensionList<Acts::DenseEnvironmentExtension>, Acts::detail::HighestValidAuctioneer>::Options, Acts::Navigator::Options, Acts::ActorList<Acts::Test::StepCollector, Acts::Test::EndOfWorld, Acts::PathLimitReached>>, Acts::EigenStepper<Acts::StepperExtensionList<Acts::DenseEnvironmentExtension>, Acts::detail::HighestValidAuctioneer>::State, Acts::Navigator::State, Acts::Test::StepCollector::this_result>, Acts::EigenStepper<Acts::StepperExtensionList<Acts::DenseEnvironmentExtension>, Acts::detail::HighestValidAuctioneer>, Acts::Navigator, const Acts::Logger &>' requested here
    actor_caller<has_result>::act(this_actor, state, stepper, navigator,
                              ^
/Users/andreas/cern/source/acts/acts/dev3/Core/include/Acts/Propagator/detail/actor_list_implementation.hpp:83:33: note: in instantiation of function template specialization 'Acts::detail::actor_list_impl<Acts::Test::EndOfWorld, Acts::PathLimitReached>::act<std::tuple<Acts::Test::StepCollector, Acts::Test::EndOfWorld, Acts::PathLimitReached>, Acts::PropagatorState<Acts::PropagatorOptions<Acts::EigenStepper<Acts::StepperExtensionList<Acts::DenseEnvironmentExtension>, Acts::detail::HighestValidAuctioneer>::Options, Acts::Navigator::Options, Acts::ActorList<Acts::Test::StepCollector, Acts::Test::EndOfWorld, Acts::PathLimitReached>>, Acts::EigenStepper<Acts::StepperExtensionList<Acts::DenseEnvironmentExtension>, Acts::detail::HighestValidAuctioneer>::State, Acts::Navigator::State, Acts::Test::StepCollector::this_result>, Acts::EigenStepper<Acts::StepperExtensionList<Acts::DenseEnvironmentExtension>, Acts::detail::HighestValidAuctioneer>, Acts::Navigator, const Acts::Logger &>' requested here
    actor_list_impl<others...>::act(actors_tuple, state, stepper, navigator,
                                ^
/Users/andreas/cern/source/acts/acts/dev3/Core/include/Acts/Propagator/ActorList.hpp:107:11: note: in instantiation of function template specialization 'Acts::detail::actor_list_impl<Acts::Test::StepCollector, Acts::Test::EndOfWorld, Acts::PathLimitReached>::act<std::tuple<Acts::Test::StepCollector, Acts::Test::EndOfWorld, Acts::PathLimitReached>, Acts::PropagatorState<Acts::PropagatorOptions<Acts::EigenStepper<Acts::StepperExtensionList<Acts::DenseEnvironmentExtension>, Acts::detail::HighestValidAuctioneer>::Options, Acts::Navigator::Options, Acts::ActorList<Acts::Test::StepCollector, Acts::Test::EndOfWorld, Acts::PathLimitReached>>, Acts::EigenStepper<Acts::StepperExtensionList<Acts::DenseEnvironmentExtension>, Acts::detail::HighestValidAuctioneer>::State, Acts::Navigator::State, Acts::Test::StepCollector::this_result>, Acts::EigenStepper<Acts::StepperExtensionList<Acts::DenseEnvironmentExtension>, Acts::detail::HighestValidAuctioneer>, Acts::Navigator, const Acts::Logger &>' requested here
    impl::act(tuple(), state, stepper, navigator, std::forward<Args>(args)...);
          ^
/Users/andreas/cern/source/acts/acts/dev3/Core/include/Acts/Propagator/Propagator.ipp:36:27: note: in instantiation of function template specialization 'Acts::ActorList<Acts::Test::StepCollector, Acts::Test::EndOfWorld, Acts::PathLimitReached>::act<Acts::PropagatorState<Acts::PropagatorOptions<Acts::EigenStepper<Acts::StepperExtensionList<Acts::DenseEnvironmentExtension>, Acts::detail::HighestValidAuctioneer>::Options, Acts::Navigator::Options, Acts::ActorList<Acts::Test::StepCollector, Acts::Test::EndOfWorld, Acts::PathLimitReached>>, Acts::EigenStepper<Acts::StepperExtensionList<Acts::DenseEnvironmentExtension>, Acts::detail::HighestValidAuctioneer>::State, Acts::Navigator::State, Acts::Test::StepCollector::this_result>, Acts::EigenStepper<Acts::StepperExtensionList<Acts::DenseEnvironmentExtension>, Acts::detail::HighestValidAuctioneer>, Acts::Navigator, const Acts::Logger &>' requested here
  state.options.actorList.act(state, m_stepper, m_navigator, logger());
                          ^
/Users/andreas/cern/source/acts/acts/dev3/Core/include/Acts/Propagator/Propagator.ipp:122:28: note: in instantiation of function template specialization 'Acts::Propagator<Acts::EigenStepper<Acts::StepperExtensionList<Acts::DenseEnvironmentExtension>, Acts::detail::HighestValidAuctioneer>, Acts::Navigator>::propagate<Acts::PropagatorState<Acts::PropagatorOptions<Acts::EigenStepper<Acts::StepperExtensionList<Acts::DenseEnvironmentExtension>, Acts::detail::HighestValidAuctioneer>::Options, Acts::Navigator::Options, Acts::ActorList<Acts::Test::StepCollector, Acts::Test::EndOfWorld, Acts::PathLimitReached>>, Acts::EigenStepper<Acts::StepperExtensionList<Acts::DenseEnvironmentExtension>, Acts::detail::HighestValidAuctioneer>::State, Acts::Navigator::State, Acts::Test::StepCollector::this_result>>' requested here
  auto propagationResult = propagate(state);
                           ^
/Users/andreas/cern/source/acts/acts/dev3/Tests/UnitTests/Core/Propagator/EigenStepperTests.cpp:747:39: note: in instantiation of function template specialization 'Acts::Propagator<Acts::EigenStepper<Acts::StepperExtensionList<Acts::DenseEnvironmentExtension>, Acts::detail::HighestValidAuctioneer>, Acts::Navigator>::propagate<Acts::GenericCurvilinearTrackParameters<Acts::ParticleHypothesis>, Acts::PropagatorOptions<Acts::EigenStepper<Acts::StepperExtensionList<Acts::DenseEnvironmentExtension>, Acts::detail::HighestValidAuctioneer>::Options, Acts::Navigator::Options, Acts::ActorList<Acts::Test::StepCollector, Acts::Test::EndOfWorld>>, Acts::PathLimitReached>' requested here
  const auto& resultDense = propDense.propagate(sbtp, propOptsDense).value();
                                      ^
In file included from /Users/andreas/cern/source/acts/acts/dev3/Tests/UnitTests/Core/Propagator/EigenStepperTests.cpp:34:
In file included from /Users/andreas/cern/source/acts/acts/dev3/Core/include/Acts/Propagator/ActorList.hpp:11:
/Users/andreas/cern/source/acts/acts/dev3/Core/include/Acts/Propagator/detail/actor_list_implementation.hpp:38:18: error: no member named 'check' in 'Acts::Test::StepCollector'
    return actor.check(state, stepper, navigator,
           ~~~~~ ^
/Users/andreas/cern/source/acts/acts/dev3/Core/include/Acts/Propagator/detail/actor_list_implementation.hpp:94:38: note: in instantiation of function template specialization 'Acts::detail::(anonymous namespace)::actor_caller<>::check<Acts::Test::StepCollector, Acts::PropagatorState<Acts::PropagatorOptions<Acts::EigenStepper<Acts::StepperExtensionList<Acts::DenseEnvironmentExtension>, Acts::detail::HighestValidAuctioneer>::Options, Acts::Navigator::Options, Acts::ActorList<Acts::Test::StepCollector, Acts::Test::EndOfWorld, Acts::PathLimitReached>>, Acts::EigenStepper<Acts::StepperExtensionList<Acts::DenseEnvironmentExtension>, Acts::detail::HighestValidAuctioneer>::State, Acts::Navigator::State, Acts::Test::StepCollector::this_result>, Acts::EigenStepper<Acts::StepperExtensionList<Acts::DenseEnvironmentExtension>, Acts::detail::HighestValidAuctioneer>, Acts::Navigator, const Acts::Logger &>' requested here
    return actor_caller<has_result>::check(this_actor, state, stepper,
                                     ^
/Users/andreas/cern/source/acts/acts/dev3/Core/include/Acts/Propagator/ActorList.hpp:125:18: note: in instantiation of function template specialization 'Acts::detail::actor_list_impl<Acts::Test::StepCollector, Acts::Test::EndOfWorld, Acts::PathLimitReached>::check<std::tuple<Acts::Test::StepCollector, Acts::Test::EndOfWorld, Acts::PathLimitReached>, Acts::PropagatorState<Acts::PropagatorOptions<Acts::EigenStepper<Acts::StepperExtensionList<Acts::DenseEnvironmentExtension>, Acts::detail::HighestValidAuctioneer>::Options, Acts::Navigator::Options, Acts::ActorList<Acts::Test::StepCollector, Acts::Test::EndOfWorld, Acts::PathLimitReached>>, Acts::EigenStepper<Acts::StepperExtensionList<Acts::DenseEnvironmentExtension>, Acts::detail::HighestValidAuctioneer>::State, Acts::Navigator::State, Acts::Test::StepCollector::this_result>, Acts::EigenStepper<Acts::StepperExtensionList<Acts::DenseEnvironmentExtension>, Acts::detail::HighestValidAuctioneer>, Acts::Navigator, const Acts::Logger &>' requested here
    return impl::check(tuple(), state, stepper, navigator,
                 ^
/Users/andreas/cern/source/acts/acts/dev3/Core/include/Acts/Propagator/Propagator.ipp:44:32: note: in instantiation of function template specialization 'Acts::ActorList<Acts::Test::StepCollector, Acts::Test::EndOfWorld, Acts::PathLimitReached>::check<Acts::PropagatorState<Acts::PropagatorOptions<Acts::EigenStepper<Acts::StepperExtensionList<Acts::DenseEnvironmentExtension>, Acts::detail::HighestValidAuctioneer>::Options, Acts::Navigator::Options, Acts::ActorList<Acts::Test::StepCollector, Acts::Test::EndOfWorld, Acts::PathLimitReached>>, Acts::EigenStepper<Acts::StepperExtensionList<Acts::DenseEnvironmentExtension>, Acts::detail::HighestValidAuctioneer>::State, Acts::Navigator::State, Acts::Test::StepCollector::this_result>, Acts::EigenStepper<Acts::StepperExtensionList<Acts::DenseEnvironmentExtension>, Acts::detail::HighestValidAuctioneer>, Acts::Navigator, const Acts::Logger &>' requested here
  if (!state.options.actorList.check(state, m_stepper, m_navigator, logger())) {
                               ^
/Users/andreas/cern/source/acts/acts/dev3/Core/include/Acts/Propagator/Propagator.ipp:122:28: note: in instantiation of function template specialization 'Acts::Propagator<Acts::EigenStepper<Acts::StepperExtensionList<Acts::DenseEnvironmentExtension>, Acts::detail::HighestValidAuctioneer>, Acts::Navigator>::propagate<Acts::PropagatorState<Acts::PropagatorOptions<Acts::EigenStepper<Acts::StepperExtensionList<Acts::DenseEnvironmentExtension>, Acts::detail::HighestValidAuctioneer>::Options, Acts::Navigator::Options, Acts::ActorList<Acts::Test::StepCollector, Acts::Test::EndOfWorld, Acts::PathLimitReached>>, Acts::EigenStepper<Acts::StepperExtensionList<Acts::DenseEnvironmentExtension>, Acts::detail::HighestValidAuctioneer>::State, Acts::Navigator::State, Acts::Test::StepCollector::this_result>>' requested here
  auto propagationResult = propagate(state);
                           ^
/Users/andreas/cern/source/acts/acts/dev3/Tests/UnitTests/Core/Propagator/EigenStepperTests.cpp:747:39: note: in instantiation of function template specialization 'Acts::Propagator<Acts::EigenStepper<Acts::StepperExtensionList<Acts::DenseEnvironmentExtension>, Acts::detail::HighestValidAuctioneer>, Acts::Navigator>::propagate<Acts::GenericCurvilinearTrackParameters<Acts::ParticleHypothesis>, Acts::PropagatorOptions<Acts::EigenStepper<Acts::StepperExtensionList<Acts::DenseEnvironmentExtension>, Acts::detail::HighestValidAuctioneer>::Options, Acts::Navigator::Options, Acts::ActorList<Acts::Test::StepCollector, Acts::Test::EndOfWorld>>, Acts::PathLimitReached>' requested here
  const auto& resultDense = propDense.propagate(sbtp, propOptsDense).value();
                                      ^
In file included from /Users/andreas/cern/source/acts/acts/dev3/Tests/UnitTests/Core/Propagator/EigenStepperTests.cpp:34:
In file included from /Users/andreas/cern/source/acts/acts/dev3/Core/include/Acts/Propagator/ActorList.hpp:11:
/Users/andreas/cern/source/acts/acts/dev3/Core/include/Acts/Propagator/detail/actor_list_implementation.hpp:60:18: error: no member named 'check' in 'Acts::Test::EndOfWorld'
    return actor.check(state, stepper, navigator, std::forward<Args>(args)...);
           ~~~~~ ^
/Users/andreas/cern/source/acts/acts/dev3/Core/include/Acts/Propagator/detail/actor_list_implementation.hpp:94:38: note: in instantiation of function template specialization 'Acts::detail::(anonymous namespace)::actor_caller<false>::check<Acts::Test::EndOfWorld, Acts::PropagatorState<Acts::PropagatorOptions<Acts::EigenStepper<Acts::StepperExtensionList<Acts::DenseEnvironmentExtension>, Acts::detail::HighestValidAuctioneer>::Options, Acts::Navigator::Options, Acts::ActorList<Acts::Test::StepCollector, Acts::Test::EndOfWorld, Acts::PathLimitReached>>, Acts::EigenStepper<Acts::StepperExtensionList<Acts::DenseEnvironmentExtension>, Acts::detail::HighestValidAuctioneer>::State, Acts::Navigator::State, Acts::Test::StepCollector::this_result>, Acts::EigenStepper<Acts::StepperExtensionList<Acts::DenseEnvironmentExtension>, Acts::detail::HighestValidAuctioneer>, Acts::Navigator, const Acts::Logger &>' requested here
    return actor_caller<has_result>::check(this_actor, state, stepper,
                                     ^
/Users/andreas/cern/source/acts/acts/dev3/Core/include/Acts/Propagator/detail/actor_list_implementation.hpp:96:40: note: in instantiation of function template specialization 'Acts::detail::actor_list_impl<Acts::Test::EndOfWorld, Acts::PathLimitReached>::check<std::tuple<Acts::Test::StepCollector, Acts::Test::EndOfWorld, Acts::PathLimitReached>, Acts::PropagatorState<Acts::PropagatorOptions<Acts::EigenStepper<Acts::StepperExtensionList<Acts::DenseEnvironmentExtension>, Acts::detail::HighestValidAuctioneer>::Options, Acts::Navigator::Options, Acts::ActorList<Acts::Test::StepCollector, Acts::Test::EndOfWorld, Acts::PathLimitReached>>, Acts::EigenStepper<Acts::StepperExtensionList<Acts::DenseEnvironmentExtension>, Acts::detail::HighestValidAuctioneer>::State, Acts::Navigator::State, Acts::Test::StepCollector::this_result>, Acts::EigenStepper<Acts::StepperExtensionList<Acts::DenseEnvironmentExtension>, Acts::detail::HighestValidAuctioneer>, Acts::Navigator, const Acts::Logger &>' requested here
           actor_list_impl<others...>::check(actors_tuple, state, stepper,
                                       ^
/Users/andreas/cern/source/acts/acts/dev3/Core/include/Acts/Propagator/ActorList.hpp:125:18: note: in instantiation of function template specialization 'Acts::detail::actor_list_impl<Acts::Test::StepCollector, Acts::Test::EndOfWorld, Acts::PathLimitReached>::check<std::tuple<Acts::Test::StepCollector, Acts::Test::EndOfWorld, Acts::PathLimitReached>, Acts::PropagatorState<Acts::PropagatorOptions<Acts::EigenStepper<Acts::StepperExtensionList<Acts::DenseEnvironmentExtension>, Acts::detail::HighestValidAuctioneer>::Options, Acts::Navigator::Options, Acts::ActorList<Acts::Test::StepCollector, Acts::Test::EndOfWorld, Acts::PathLimitReached>>, Acts::EigenStepper<Acts::StepperExtensionList<Acts::DenseEnvironmentExtension>, Acts::detail::HighestValidAuctioneer>::State, Acts::Navigator::State, Acts::Test::StepCollector::this_result>, Acts::EigenStepper<Acts::StepperExtensionList<Acts::DenseEnvironmentExtension>, Acts::detail::HighestValidAuctioneer>, Acts::Navigator, const Acts::Logger &>' requested here
    return impl::check(tuple(), state, stepper, navigator,
                 ^
/Users/andreas/cern/source/acts/acts/dev3/Core/include/Acts/Propagator/Propagator.ipp:44:32: note: in instantiation of function template specialization 'Acts::ActorList<Acts::Test::StepCollector, Acts::Test::EndOfWorld, Acts::PathLimitReached>::check<Acts::PropagatorState<Acts::PropagatorOptions<Acts::EigenStepper<Acts::StepperExtensionList<Acts::DenseEnvironmentExtension>, Acts::detail::HighestValidAuctioneer>::Options, Acts::Navigator::Options, Acts::ActorList<Acts::Test::StepCollector, Acts::Test::EndOfWorld, Acts::PathLimitReached>>, Acts::EigenStepper<Acts::StepperExtensionList<Acts::DenseEnvironmentExtension>, Acts::detail::HighestValidAuctioneer>::State, Acts::Navigator::State, Acts::Test::StepCollector::this_result>, Acts::EigenStepper<Acts::StepperExtensionList<Acts::DenseEnvironmentExtension>, Acts::detail::HighestValidAuctioneer>, Acts::Navigator, const Acts::Logger &>' requested here
  if (!state.options.actorList.check(state, m_stepper, m_navigator, logger())) {
                               ^
/Users/andreas/cern/source/acts/acts/dev3/Core/include/Acts/Propagator/Propagator.ipp:122:28: note: in instantiation of function template specialization 'Acts::Propagator<Acts::EigenStepper<Acts::StepperExtensionList<Acts::DenseEnvironmentExtension>, Acts::detail::HighestValidAuctioneer>, Acts::Navigator>::propagate<Acts::PropagatorState<Acts::PropagatorOptions<Acts::EigenStepper<Acts::StepperExtensionList<Acts::DenseEnvironmentExtension>, Acts::detail::HighestValidAuctioneer>::Options, Acts::Navigator::Options, Acts::ActorList<Acts::Test::StepCollector, Acts::Test::EndOfWorld, Acts::PathLimitReached>>, Acts::EigenStepper<Acts::StepperExtensionList<Acts::DenseEnvironmentExtension>, Acts::detail::HighestValidAuctioneer>::State, Acts::Navigator::State, Acts::Test::StepCollector::this_result>>' requested here
  auto propagationResult = propagate(state);
                           ^
/Users/andreas/cern/source/acts/acts/dev3/Tests/UnitTests/Core/Propagator/EigenStepperTests.cpp:747:39: note: in instantiation of function template specialization 'Acts::Propagator<Acts::EigenStepper<Acts::StepperExtensionList<Acts::DenseEnvironmentExtension>, Acts::detail::HighestValidAuctioneer>, Acts::Navigator>::propagate<Acts::GenericCurvilinearTrackParameters<Acts::ParticleHypothesis>, Acts::PropagatorOptions<Acts::EigenStepper<Acts::StepperExtensionList<Acts::DenseEnvironmentExtension>, Acts::detail::HighestValidAuctioneer>::Options, Acts::Navigator::Options, Acts::ActorList<Acts::Test::StepCollector, Acts::Test::EndOfWorld>>, Acts::PathLimitReached>' requested here
  const auto& resultDense = propDense.propagate(sbtp, propOptsDense).value();
                                      ^
In file included from /Users/andreas/cern/source/acts/acts/dev3/Tests/UnitTests/Core/Propagator/EigenStepperTests.cpp:34:
In file included from /Users/andreas/cern/source/acts/acts/dev3/Core/include/Acts/Propagator/ActorList.hpp:11:
/Users/andreas/cern/source/acts/acts/dev3/Core/include/Acts/Propagator/detail/actor_list_implementation.hpp:28:11: error: no member named 'act' in 'Acts::Test::StepCollector'
    actor.act(state, stepper, navigator,
    ~~~~~ ^
/Users/andreas/cern/source/acts/acts/dev3/Core/include/Acts/Propagator/detail/actor_list_implementation.hpp:81:31: note: in instantiation of function template specialization 'Acts::detail::(anonymous namespace)::actor_caller<>::act<Acts::Test::StepCollector, Acts::PropagatorState<Acts::PropagatorOptions<Acts::EigenStepper<Acts::StepperExtensionList<Acts::DenseEnvironmentExtension>, Acts::detail::HighestValidAuctioneer>::Options, Acts::Navigator::Options, Acts::ActorList<Acts::Test::StepCollector, Acts::Test::EndOfWorld, Acts::PathLimitReached>>, Acts::EigenStepper<Acts::StepperExtensionList<Acts::DefaultExtension, Acts::DenseEnvironmentExtension>, Acts::detail::HighestValidAuctioneer>::State, Acts::Navigator::State, Acts::Test::StepCollector::this_result>, Acts::EigenStepper<Acts::StepperExtensionList<Acts::DefaultExtension, Acts::DenseEnvironmentExtension>, Acts::detail::HighestValidAuctioneer>, Acts::Navigator, const Acts::Logger &>' requested here
    actor_caller<has_result>::act(this_actor, state, stepper, navigator,
                              ^
/Users/andreas/cern/source/acts/acts/dev3/Core/include/Acts/Propagator/ActorList.hpp:107:11: note: in instantiation of function template specialization 'Acts::detail::actor_list_impl<Acts::Test::StepCollector, Acts::Test::EndOfWorld, Acts::PathLimitReached>::act<std::tuple<Acts::Test::StepCollector, Acts::Test::EndOfWorld, Acts::PathLimitReached>, Acts::PropagatorState<Acts::PropagatorOptions<Acts::EigenStepper<Acts::StepperExtensionList<Acts::DenseEnvironmentExtension>, Acts::detail::HighestValidAuctioneer>::Options, Acts::Navigator::Options, Acts::ActorList<Acts::Test::StepCollector, Acts::Test::EndOfWorld, Acts::PathLimitReached>>, Acts::EigenStepper<Acts::StepperExtensionList<Acts::DefaultExtension, Acts::DenseEnvironmentExtension>, Acts::detail::HighestValidAuctioneer>::State, Acts::Navigator::State, Acts::Test::StepCollector::this_result>, Acts::EigenStepper<Acts::StepperExtensionList<Acts::DefaultExtension, Acts::DenseEnvironmentExtension>, Acts::detail::HighestValidAuctioneer>, Acts::Navigator, const Acts::Logger &>' requested here
    impl::act(tuple(), state, stepper, navigator, std::forward<Args>(args)...);
          ^
/Users/andreas/cern/source/acts/acts/dev3/Core/include/Acts/Propagator/Propagator.ipp:36:27: note: in instantiation of function template specialization 'Acts::ActorList<Acts::Test::StepCollector, Acts::Test::EndOfWorld, Acts::PathLimitReached>::act<Acts::PropagatorState<Acts::PropagatorOptions<Acts::EigenStepper<Acts::StepperExtensionList<Acts::DenseEnvironmentExtension>, Acts::detail::HighestValidAuctioneer>::Options, Acts::Navigator::Options, Acts::ActorList<Acts::Test::StepCollector, Acts::Test::EndOfWorld, Acts::PathLimitReached>>, Acts::EigenStepper<Acts::StepperExtensionList<Acts::DefaultExtension, Acts::DenseEnvironmentExtension>, Acts::detail::HighestValidAuctioneer>::State, Acts::Navigator::State, Acts::Test::StepCollector::this_result>, Acts::EigenStepper<Acts::StepperExtensionList<Acts::DefaultExtension, Acts::DenseEnvironmentExtension>, Acts::detail::HighestValidAuctioneer>, Acts::Navigator, const Acts::Logger &>' requested here
  state.options.actorList.act(state, m_stepper, m_navigator, logger());
                          ^
/Users/andreas/cern/source/acts/acts/dev3/Core/include/Acts/Propagator/Propagator.ipp:122:28: note: in instantiation of function template specialization 'Acts::Propagator<Acts::EigenStepper<Acts::StepperExtensionList<Acts::DefaultExtension, Acts::DenseEnvironmentExtension>, Acts::detail::HighestValidAuctioneer>, Acts::Navigator>::propagate<Acts::PropagatorState<Acts::PropagatorOptions<Acts::EigenStepper<Acts::StepperExtensionList<Acts::DenseEnvironmentExtension>, Acts::detail::HighestValidAuctioneer>::Options, Acts::Navigator::Options, Acts::ActorList<Acts::Test::StepCollector, Acts::Test::EndOfWorld, Acts::PathLimitReached>>, Acts::EigenStepper<Acts::StepperExtensionList<Acts::DefaultExtension, Acts::DenseEnvironmentExtension>, Acts::detail::HighestValidAuctioneer>::State, Acts::Navigator::State, Acts::Test::StepCollector::this_result>>' requested here
  auto propagationResult = propagate(state);
                           ^
/Users/andreas/cern/source/acts/acts/dev3/Tests/UnitTests/Core/Propagator/EigenStepperTests.cpp:771:31: note: in instantiation of function template specialization 'Acts::Propagator<Acts::EigenStepper<Acts::StepperExtensionList<Acts::DefaultExtension, Acts::DenseEnvironmentExtension>, Acts::detail::HighestValidAuctioneer>, Acts::Navigator>::propagate<Acts::GenericCurvilinearTrackParameters<Acts::ParticleHypothesis>, Acts::PropagatorOptions<Acts::EigenStepper<Acts::StepperExtensionList<Acts::DenseEnvironmentExtension>, Acts::detail::HighestValidAuctioneer>::Options, Acts::Navigator::Options, Acts::ActorList<Acts::Test::StepCollector, Acts::Test::EndOfWorld>>, Acts::PathLimitReached>' requested here
  const auto& resultB = propB.propagate(sbtp, propOptsDense).value();
                              ^
In file included from /Users/andreas/cern/source/acts/acts/dev3/Tests/UnitTests/Core/Propagator/EigenStepperTests.cpp:34:
In file included from /Users/andreas/cern/source/acts/acts/dev3/Core/include/Acts/Propagator/ActorList.hpp:11:
/Users/andreas/cern/source/acts/acts/dev3/Core/include/Acts/Propagator/detail/actor_list_implementation.hpp:52:11: error: no member named 'act' in 'Acts::Test::EndOfWorld'
    actor.act(state, stepper, navigator, std::forward<Args>(args)...);
    ~~~~~ ^
/Users/andreas/cern/source/acts/acts/dev3/Core/include/Acts/Propagator/detail/actor_list_implementation.hpp:81:31: note: in instantiation of function template specialization 'Acts::detail::(anonymous namespace)::actor_caller<false>::act<Acts::Test::EndOfWorld, Acts::PropagatorState<Acts::PropagatorOptions<Acts::EigenStepper<Acts::StepperExtensionList<Acts::DenseEnvironmentExtension>, Acts::detail::HighestValidAuctioneer>::Options, Acts::Navigator::Options, Acts::ActorList<Acts::Test::StepCollector, Acts::Test::EndOfWorld, Acts::PathLimitReached>>, Acts::EigenStepper<Acts::StepperExtensionList<Acts::DefaultExtension, Acts::DenseEnvironmentExtension>, Acts::detail::HighestValidAuctioneer>::State, Acts::Navigator::State, Acts::Test::StepCollector::this_result>, Acts::EigenStepper<Acts::StepperExtensionList<Acts::DefaultExtension, Acts::DenseEnvironmentExtension>, Acts::detail::HighestValidAuctioneer>, Acts::Navigator, const Acts::Logger &>' requested here
    actor_caller<has_result>::act(this_actor, state, stepper, navigator,
                              ^
/Users/andreas/cern/source/acts/acts/dev3/Core/include/Acts/Propagator/detail/actor_list_implementation.hpp:83:33: note: in instantiation of function template specialization 'Acts::detail::actor_list_impl<Acts::Test::EndOfWorld, Acts::PathLimitReached>::act<std::tuple<Acts::Test::StepCollector, Acts::Test::EndOfWorld, Acts::PathLimitReached>, Acts::PropagatorState<Acts::PropagatorOptions<Acts::EigenStepper<Acts::StepperExtensionList<Acts::DenseEnvironmentExtension>, Acts::detail::HighestValidAuctioneer>::Options, Acts::Navigator::Options, Acts::ActorList<Acts::Test::StepCollector, Acts::Test::EndOfWorld, Acts::PathLimitReached>>, Acts::EigenStepper<Acts::StepperExtensionList<Acts::DefaultExtension, Acts::DenseEnvironmentExtension>, Acts::detail::HighestValidAuctioneer>::State, Acts::Navigator::State, Acts::Test::StepCollector::this_result>, Acts::EigenStepper<Acts::StepperExtensionList<Acts::DefaultExtension, Acts::DenseEnvironmentExtension>, Acts::detail::HighestValidAuctioneer>, Acts::Navigator, const Acts::Logger &>' requested here
    actor_list_impl<others...>::act(actors_tuple, state, stepper, navigator,
                                ^
/Users/andreas/cern/source/acts/acts/dev3/Core/include/Acts/Propagator/ActorList.hpp:107:11: note: in instantiation of function template specialization 'Acts::detail::actor_list_impl<Acts::Test::StepCollector, Acts::Test::EndOfWorld, Acts::PathLimitReached>::act<std::tuple<Acts::Test::StepCollector, Acts::Test::EndOfWorld, Acts::PathLimitReached>, Acts::PropagatorState<Acts::PropagatorOptions<Acts::EigenStepper<Acts::StepperExtensionList<Acts::DenseEnvironmentExtension>, Acts::detail::HighestValidAuctioneer>::Options, Acts::Navigator::Options, Acts::ActorList<Acts::Test::StepCollector, Acts::Test::EndOfWorld, Acts::PathLimitReached>>, Acts::EigenStepper<Acts::StepperExtensionList<Acts::DefaultExtension, Acts::DenseEnvironmentExtension>, Acts::detail::HighestValidAuctioneer>::State, Acts::Navigator::State, Acts::Test::StepCollector::this_result>, Acts::EigenStepper<Acts::StepperExtensionList<Acts::DefaultExtension, Acts::DenseEnvironmentExtension>, Acts::detail::HighestValidAuctioneer>, Acts::Navigator, const Acts::Logger &>' requested here
    impl::act(tuple(), state, stepper, navigator, std::forward<Args>(args)...);
          ^
/Users/andreas/cern/source/acts/acts/dev3/Core/include/Acts/Propagator/Propagator.ipp:36:27: note: in instantiation of function template specialization 'Acts::ActorList<Acts::Test::StepCollector, Acts::Test::EndOfWorld, Acts::PathLimitReached>::act<Acts::PropagatorState<Acts::PropagatorOptions<Acts::EigenStepper<Acts::StepperExtensionList<Acts::DenseEnvironmentExtension>, Acts::detail::HighestValidAuctioneer>::Options, Acts::Navigator::Options, Acts::ActorList<Acts::Test::StepCollector, Acts::Test::EndOfWorld, Acts::PathLimitReached>>, Acts::EigenStepper<Acts::StepperExtensionList<Acts::DefaultExtension, Acts::DenseEnvironmentExtension>, Acts::detail::HighestValidAuctioneer>::State, Acts::Navigator::State, Acts::Test::StepCollector::this_result>, Acts::EigenStepper<Acts::StepperExtensionList<Acts::DefaultExtension, Acts::DenseEnvironmentExtension>, Acts::detail::HighestValidAuctioneer>, Acts::Navigator, const Acts::Logger &>' requested here
  state.options.actorList.act(state, m_stepper, m_navigator, logger());
                          ^
/Users/andreas/cern/source/acts/acts/dev3/Core/include/Acts/Propagator/Propagator.ipp:122:28: note: in instantiation of function template specialization 'Acts::Propagator<Acts::EigenStepper<Acts::StepperExtensionList<Acts::DefaultExtension, Acts::DenseEnvironmentExtension>, Acts::detail::HighestValidAuctioneer>, Acts::Navigator>::propagate<Acts::PropagatorState<Acts::PropagatorOptions<Acts::EigenStepper<Acts::StepperExtensionList<Acts::DenseEnvironmentExtension>, Acts::detail::HighestValidAuctioneer>::Options, Acts::Navigator::Options, Acts::ActorList<Acts::Test::StepCollector, Acts::Test::EndOfWorld, Acts::PathLimitReached>>, Acts::EigenStepper<Acts::StepperExtensionList<Acts::DefaultExtension, Acts::DenseEnvironmentExtension>, Acts::detail::HighestValidAuctioneer>::State, Acts::Navigator::State, Acts::Test::StepCollector::this_result>>' requested here
  auto propagationResult = propagate(state);
                           ^
/Users/andreas/cern/source/acts/acts/dev3/Tests/UnitTests/Core/Propagator/EigenStepperTests.cpp:771:31: note: in instantiation of function template specialization 'Acts::Propagator<Acts::EigenStepper<Acts::StepperExtensionList<Acts::DefaultExtension, Acts::DenseEnvironmentExtension>, Acts::detail::HighestValidAuctioneer>, Acts::Navigator>::propagate<Acts::GenericCurvilinearTrackParameters<Acts::ParticleHypothesis>, Acts::PropagatorOptions<Acts::EigenStepper<Acts::StepperExtensionList<Acts::DenseEnvironmentExtension>, Acts::detail::HighestValidAuctioneer>::Options, Acts::Navigator::Options, Acts::ActorList<Acts::Test::StepCollector, Acts::Test::EndOfWorld>>, Acts::PathLimitReached>' requested here
  const auto& resultB = propB.propagate(sbtp, propOptsDense).value();
                              ^
In file included from /Users/andreas/cern/source/acts/acts/dev3/Tests/UnitTests/Core/Propagator/EigenStepperTests.cpp:34:
In file included from /Users/andreas/cern/source/acts/acts/dev3/Core/include/Acts/Propagator/ActorList.hpp:11:
/Users/andreas/cern/source/acts/acts/dev3/Core/include/Acts/Propagator/detail/actor_list_implementation.hpp:38:18: error: no member named 'check' in 'Acts::Test::StepCollector'
    return actor.check(state, stepper, navigator,
           ~~~~~ ^
/Users/andreas/cern/source/acts/acts/dev3/Core/include/Acts/Propagator/detail/actor_list_implementation.hpp:94:38: note: in instantiation of function template specialization 'Acts::detail::(anonymous namespace)::actor_caller<>::check<Acts::Test::StepCollector, Acts::PropagatorState<Acts::PropagatorOptions<Acts::EigenStepper<Acts::StepperExtensionList<Acts::DenseEnvironmentExtension>, Acts::detail::HighestValidAuctioneer>::Options, Acts::Navigator::Options, Acts::ActorList<Acts::Test::StepCollector, Acts::Test::EndOfWorld, Acts::PathLimitReached>>, Acts::EigenStepper<Acts::StepperExtensionList<Acts::DefaultExtension, Acts::DenseEnvironmentExtension>, Acts::detail::HighestValidAuctioneer>::State, Acts::Navigator::State, Acts::Test::StepCollector::this_result>, Acts::EigenStepper<Acts::StepperExtensionList<Acts::DefaultExtension, Acts::DenseEnvironmentExtension>, Acts::detail::HighestValidAuctioneer>, Acts::Navigator, const Acts::Logger &>' requested here
    return actor_caller<has_result>::check(this_actor, state, stepper,
                                     ^
/Users/andreas/cern/source/acts/acts/dev3/Core/include/Acts/Propagator/ActorList.hpp:125:18: note: in instantiation of function template specialization 'Acts::detail::actor_list_impl<Acts::Test::StepCollector, Acts::Test::EndOfWorld, Acts::PathLimitReached>::check<std::tuple<Acts::Test::StepCollector, Acts::Test::EndOfWorld, Acts::PathLimitReached>, Acts::PropagatorState<Acts::PropagatorOptions<Acts::EigenStepper<Acts::StepperExtensionList<Acts::DenseEnvironmentExtension>, Acts::detail::HighestValidAuctioneer>::Options, Acts::Navigator::Options, Acts::ActorList<Acts::Test::StepCollector, Acts::Test::EndOfWorld, Acts::PathLimitReached>>, Acts::EigenStepper<Acts::StepperExtensionList<Acts::DefaultExtension, Acts::DenseEnvironmentExtension>, Acts::detail::HighestValidAuctioneer>::State, Acts::Navigator::State, Acts::Test::StepCollector::this_result>, Acts::EigenStepper<Acts::StepperExtensionList<Acts::DefaultExtension, Acts::DenseEnvironmentExtension>, Acts::detail::HighestValidAuctioneer>, Acts::Navigator, const Acts::Logger &>' requested here
    return impl::check(tuple(), state, stepper, navigator,
                 ^
/Users/andreas/cern/source/acts/acts/dev3/Core/include/Acts/Propagator/Propagator.ipp:44:32: note: in instantiation of function template specialization 'Acts::ActorList<Acts::Test::StepCollector, Acts::Test::EndOfWorld, Acts::PathLimitReached>::check<Acts::PropagatorState<Acts::PropagatorOptions<Acts::EigenStepper<Acts::StepperExtensionList<Acts::DenseEnvironmentExtension>, Acts::detail::HighestValidAuctioneer>::Options, Acts::Navigator::Options, Acts::ActorList<Acts::Test::StepCollector, Acts::Test::EndOfWorld, Acts::PathLimitReached>>, Acts::EigenStepper<Acts::StepperExtensionList<Acts::DefaultExtension, Acts::DenseEnvironmentExtension>, Acts::detail::HighestValidAuctioneer>::State, Acts::Navigator::State, Acts::Test::StepCollector::this_result>, Acts::EigenStepper<Acts::StepperExtensionList<Acts::DefaultExtension, Acts::DenseEnvironmentExtension>, Acts::detail::HighestValidAuctioneer>, Acts::Navigator, const Acts::Logger &>' requested here
  if (!state.options.actorList.check(state, m_stepper, m_navigator, logger())) {
                               ^
/Users/andreas/cern/source/acts/acts/dev3/Core/include/Acts/Propagator/Propagator.ipp:122:28: note: in instantiation of function template specialization 'Acts::Propagator<Acts::EigenStepper<Acts::StepperExtensionList<Acts::DefaultExtension, Acts::DenseEnvironmentExtension>, Acts::detail::HighestValidAuctioneer>, Acts::Navigator>::propagate<Acts::PropagatorState<Acts::PropagatorOptions<Acts::EigenStepper<Acts::StepperExtensionList<Acts::DenseEnvironmentExtension>, Acts::detail::HighestValidAuctioneer>::Options, Acts::Navigator::Options, Acts::ActorList<Acts::Test::StepCollector, Acts::Test::EndOfWorld, Acts::PathLimitReached>>, Acts::EigenStepper<Acts::StepperExtensionList<Acts::DefaultExtension, Acts::DenseEnvironmentExtension>, Acts::detail::HighestValidAuctioneer>::State, Acts::Navigator::State, Acts::Test::StepCollector::this_result>>' requested here
  auto propagationResult = propagate(state);
                           ^
/Users/andreas/cern/source/acts/acts/dev3/Tests/UnitTests/Core/Propagator/EigenStepperTests.cpp:771:31: note: in instantiation of function template specialization 'Acts::Propagator<Acts::EigenStepper<Acts::StepperExtensionList<Acts::DefaultExtension, Acts::DenseEnvironmentExtension>, Acts::detail::HighestValidAuctioneer>, Acts::Navigator>::propagate<Acts::GenericCurvilinearTrackParameters<Acts::ParticleHypothesis>, Acts::PropagatorOptions<Acts::EigenStepper<Acts::StepperExtensionList<Acts::DenseEnvironmentExtension>, Acts::detail::HighestValidAuctioneer>::Options, Acts::Navigator::Options, Acts::ActorList<Acts::Test::StepCollector, Acts::Test::EndOfWorld>>, Acts::PathLimitReached>' requested here
  const auto& resultB = propB.propagate(sbtp, propOptsDense).value();
                              ^
In file included from /Users/andreas/cern/source/acts/acts/dev3/Tests/UnitTests/Core/Propagator/EigenStepperTests.cpp:34:
In file included from /Users/andreas/cern/source/acts/acts/dev3/Core/include/Acts/Propagator/ActorList.hpp:11:
/Users/andreas/cern/source/acts/acts/dev3/Core/include/Acts/Propagator/detail/actor_list_implementation.hpp:60:18: error: no member named 'check' in 'Acts::Test::EndOfWorld'
    return actor.check(state, stepper, navigator, std::forward<Args>(args)...);
           ~~~~~ ^
/Users/andreas/cern/source/acts/acts/dev3/Core/include/Acts/Propagator/detail/actor_list_implementation.hpp:94:38: note: in instantiation of function template specialization 'Acts::detail::(anonymous namespace)::actor_caller<false>::check<Acts::Test::EndOfWorld, Acts::PropagatorState<Acts::PropagatorOptions<Acts::EigenStepper<Acts::StepperExtensionList<Acts::DenseEnvironmentExtension>, Acts::detail::HighestValidAuctioneer>::Options, Acts::Navigator::Options, Acts::ActorList<Acts::Test::StepCollector, Acts::Test::EndOfWorld, Acts::PathLimitReached>>, Acts::EigenStepper<Acts::StepperExtensionList<Acts::DefaultExtension, Acts::DenseEnvironmentExtension>, Acts::detail::HighestValidAuctioneer>::State, Acts::Navigator::State, Acts::Test::StepCollector::this_result>, Acts::EigenStepper<Acts::StepperExtensionList<Acts::DefaultExtension, Acts::DenseEnvironmentExtension>, Acts::detail::HighestValidAuctioneer>, Acts::Navigator, const Acts::Logger &>' requested here
    return actor_caller<has_result>::check(this_actor, state, stepper,
                                     ^
/Users/andreas/cern/source/acts/acts/dev3/Core/include/Acts/Propagator/detail/actor_list_implementation.hpp:96:40: note: in instantiation of function template specialization 'Acts::detail::actor_list_impl<Acts::Test::EndOfWorld, Acts::PathLimitReached>::check<std::tuple<Acts::Test::StepCollector, Acts::Test::EndOfWorld, Acts::PathLimitReached>, Acts::PropagatorState<Acts::PropagatorOptions<Acts::EigenStepper<Acts::StepperExtensionList<Acts::DenseEnvironmentExtension>, Acts::detail::HighestValidAuctioneer>::Options, Acts::Navigator::Options, Acts::ActorList<Acts::Test::StepCollector, Acts::Test::EndOfWorld, Acts::PathLimitReached>>, Acts::EigenStepper<Acts::StepperExtensionList<Acts::DefaultExtension, Acts::DenseEnvironmentExtension>, Acts::detail::HighestValidAuctioneer>::State, Acts::Navigator::State, Acts::Test::StepCollector::this_result>, Acts::EigenStepper<Acts::StepperExtensionList<Acts::DefaultExtension, Acts::DenseEnvironmentExtension>, Acts::detail::HighestValidAuctioneer>, Acts::Navigator, const Acts::Logger &>' requested here
           actor_list_impl<others...>::check(actors_tuple, state, stepper,
                                       ^
/Users/andreas/cern/source/acts/acts/dev3/Core/include/Acts/Propagator/ActorList.hpp:125:18: note: in instantiation of function template specialization 'Acts::detail::actor_list_impl<Acts::Test::StepCollector, Acts::Test::EndOfWorld, Acts::PathLimitReached>::check<std::tuple<Acts::Test::StepCollector, Acts::Test::EndOfWorld, Acts::PathLimitReached>, Acts::PropagatorState<Acts::PropagatorOptions<Acts::EigenStepper<Acts::StepperExtensionList<Acts::DenseEnvironmentExtension>, Acts::detail::HighestValidAuctioneer>::Options, Acts::Navigator::Options, Acts::ActorList<Acts::Test::StepCollector, Acts::Test::EndOfWorld, Acts::PathLimitReached>>, Acts::EigenStepper<Acts::StepperExtensionList<Acts::DefaultExtension, Acts::DenseEnvironmentExtension>, Acts::detail::HighestValidAuctioneer>::State, Acts::Navigator::State, Acts::Test::StepCollector::this_result>, Acts::EigenStepper<Acts::StepperExtensionList<Acts::DefaultExtension, Acts::DenseEnvironmentExtension>, Acts::detail::HighestValidAuctioneer>, Acts::Navigator, const Acts::Logger &>' requested here
    return impl::check(tuple(), state, stepper, navigator,
                 ^
/Users/andreas/cern/source/acts/acts/dev3/Core/include/Acts/Propagator/Propagator.ipp:44:32: note: in instantiation of function template specialization 'Acts::ActorList<Acts::Test::StepCollector, Acts::Test::EndOfWorld, Acts::PathLimitReached>::check<Acts::PropagatorState<Acts::PropagatorOptions<Acts::EigenStepper<Acts::StepperExtensionList<Acts::DenseEnvironmentExtension>, Acts::detail::HighestValidAuctioneer>::Options, Acts::Navigator::Options, Acts::ActorList<Acts::Test::StepCollector, Acts::Test::EndOfWorld, Acts::PathLimitReached>>, Acts::EigenStepper<Acts::StepperExtensionList<Acts::DefaultExtension, Acts::DenseEnvironmentExtension>, Acts::detail::HighestValidAuctioneer>::State, Acts::Navigator::State, Acts::Test::StepCollector::this_result>, Acts::EigenStepper<Acts::StepperExtensionList<Acts::DefaultExtension, Acts::DenseEnvironmentExtension>, Acts::detail::HighestValidAuctioneer>, Acts::Navigator, const Acts::Logger &>' requested here
  if (!state.options.actorList.check(state, m_stepper, m_navigator, logger())) {
                               ^
/Users/andreas/cern/source/acts/acts/dev3/Core/include/Acts/Propagator/Propagator.ipp:122:28: note: in instantiation of function template specialization 'Acts::Propagator<Acts::EigenStepper<Acts::StepperExtensionList<Acts::DefaultExtension, Acts::DenseEnvironmentExtension>, Acts::detail::HighestValidAuctioneer>, Acts::Navigator>::propagate<Acts::PropagatorState<Acts::PropagatorOptions<Acts::EigenStepper<Acts::StepperExtensionList<Acts::DenseEnvironmentExtension>, Acts::detail::HighestValidAuctioneer>::Options, Acts::Navigator::Options, Acts::ActorList<Acts::Test::StepCollector, Acts::Test::EndOfWorld, Acts::PathLimitReached>>, Acts::EigenStepper<Acts::StepperExtensionList<Acts::DefaultExtension, Acts::DenseEnvironmentExtension>, Acts::detail::HighestValidAuctioneer>::State, Acts::Navigator::State, Acts::Test::StepCollector::this_result>>' requested here
  auto propagationResult = propagate(state);
                           ^
/Users/andreas/cern/source/acts/acts/dev3/Tests/UnitTests/Core/Propagator/EigenStepperTests.cpp:771:31: note: in instantiation of function template specialization 'Acts::Propagator<Acts::EigenStepper<Acts::StepperExtensionList<Acts::DefaultExtension, Acts::DenseEnvironmentExtension>, Acts::detail::HighestValidAuctioneer>, Acts::Navigator>::propagate<Acts::GenericCurvilinearTrackParameters<Acts::ParticleHypothesis>, Acts::PropagatorOptions<Acts::EigenStepper<Acts::StepperExtensionList<Acts::DenseEnvironmentExtension>, Acts::detail::HighestValidAuctioneer>::Options, Acts::Navigator::Options, Acts::ActorList<Acts::Test::StepCollector, Acts::Test::EndOfWorld>>, Acts::PathLimitReached>' requested here
  const auto& resultB = propB.propagate(sbtp, propOptsDense).value();
                              ^
In file included from /Users/andreas/cern/source/acts/acts/dev3/Tests/UnitTests/Core/Propagator/EigenStepperTests.cpp:34:
In file included from /Users/andreas/cern/source/acts/acts/dev3/Core/include/Acts/Propagator/ActorList.hpp:11:
/Users/andreas/cern/source/acts/acts/dev3/Core/include/Acts/Propagator/detail/actor_list_implementation.hpp:28:11: error: no member named 'act' in 'Acts::Test::StepCollector'
    actor.act(state, stepper, navigator,
    ~~~~~ ^
/Users/andreas/cern/source/acts/acts/dev3/Core/include/Acts/Propagator/detail/actor_list_implementation.hpp:81:31: note: in instantiation of function template specialization 'Acts::detail::(anonymous namespace)::actor_caller<>::act<Acts::Test::StepCollector, Acts::PropagatorState<Acts::PropagatorOptions<Acts::EigenStepper<>::Options, Acts::Navigator::Options, Acts::ActorList<Acts::Test::StepCollector, Acts::Test::EndOfWorld, Acts::PathLimitReached>>, Acts::EigenStepper<>::State, Acts::Navigator::State, Acts::Test::StepCollector::this_result>, Acts::EigenStepper<>, Acts::Navigator, const Acts::Logger &>' requested here
    actor_caller<has_result>::act(this_actor, state, stepper, navigator,
                              ^
/Users/andreas/cern/source/acts/acts/dev3/Core/include/Acts/Propagator/ActorList.hpp:107:11: note: in instantiation of function template specialization 'Acts::detail::actor_list_impl<Acts::Test::StepCollector, Acts::Test::EndOfWorld, Acts::PathLimitReached>::act<std::tuple<Acts::Test::StepCollector, Acts::Test::EndOfWorld, Acts::PathLimitReached>, Acts::PropagatorState<Acts::PropagatorOptions<Acts::EigenStepper<>::Options, Acts::Navigator::Options, Acts::ActorList<Acts::Test::StepCollector, Acts::Test::EndOfWorld, Acts::PathLimitReached>>, Acts::EigenStepper<>::State, Acts::Navigator::State, Acts::Test::StepCollector::this_result>, Acts::EigenStepper<>, Acts::Navigator, const Acts::Logger &>' requested here
    impl::act(tuple(), state, stepper, navigator, std::forward<Args>(args)...);
          ^
/Users/andreas/cern/source/acts/acts/dev3/Core/include/Acts/Propagator/Propagator.ipp:36:27: note: in instantiation of function template specialization 'Acts::ActorList<Acts::Test::StepCollector, Acts::Test::EndOfWorld, Acts::PathLimitReached>::act<Acts::PropagatorState<Acts::PropagatorOptions<Acts::EigenStepper<>::Options, Acts::Navigator::Options, Acts::ActorList<Acts::Test::StepCollector, Acts::Test::EndOfWorld, Acts::PathLimitReached>>, Acts::EigenStepper<>::State, Acts::Navigator::State, Acts::Test::StepCollector::this_result>, Acts::EigenStepper<>, Acts::Navigator, const Acts::Logger &>' requested here
  state.options.actorList.act(state, m_stepper, m_navigator, logger());
                          ^
/Users/andreas/cern/source/acts/acts/dev3/Core/include/Acts/Propagator/Propagator.ipp:122:28: note: in instantiation of function template specialization 'Acts::Propagator<Acts::EigenStepper<>, Acts::Navigator>::propagate<Acts::PropagatorState<Acts::PropagatorOptions<Acts::EigenStepper<>::Options, Acts::Navigator::Options, Acts::ActorList<Acts::Test::StepCollector, Acts::Test::EndOfWorld, Acts::PathLimitReached>>, Acts::EigenStepper<>::State, Acts::Navigator::State, Acts::Test::StepCollector::this_result>>' requested here
  auto propagationResult = propagate(state);
                           ^
/Users/andreas/cern/source/acts/acts/dev3/Tests/UnitTests/Core/Propagator/EigenStepperTests.cpp:906:35: note: in instantiation of function template specialization 'Acts::Propagator<Acts::EigenStepper<>, Acts::Navigator>::propagate<Acts::GenericCurvilinearTrackParameters<Acts::ParticleHypothesis>, Acts::PropagatorOptions<Acts::EigenStepper<>::Options, Acts::Navigator::Options, Acts::ActorList<Acts::Test::StepCollector, Acts::Test::EndOfWorld>>, Acts::PathLimitReached>' requested here
  const auto& resultDef = propDef.propagate(sbtp, propOptsDef).value();
                                  ^
In file included from /Users/andreas/cern/source/acts/acts/dev3/Tests/UnitTests/Core/Propagator/EigenStepperTests.cpp:34:
In file included from /Users/andreas/cern/source/acts/acts/dev3/Core/include/Acts/Propagator/ActorList.hpp:11:
/Users/andreas/cern/source/acts/acts/dev3/Core/include/Acts/Propagator/detail/actor_list_implementation.hpp:52:11: error: no member named 'act' in 'Acts::Test::EndOfWorld'
    actor.act(state, stepper, navigator, std::forward<Args>(args)...);
    ~~~~~ ^
/Users/andreas/cern/source/acts/acts/dev3/Core/include/Acts/Propagator/detail/actor_list_implementation.hpp:81:31: note: in instantiation of function template specialization 'Acts::detail::(anonymous namespace)::actor_caller<false>::act<Acts::Test::EndOfWorld, Acts::PropagatorState<Acts::PropagatorOptions<Acts::EigenStepper<>::Options, Acts::Navigator::Options, Acts::ActorList<Acts::Test::StepCollector, Acts::Test::EndOfWorld, Acts::PathLimitReached>>, Acts::EigenStepper<>::State, Acts::Navigator::State, Acts::Test::StepCollector::this_result>, Acts::EigenStepper<>, Acts::Navigator, const Acts::Logger &>' requested here
    actor_caller<has_result>::act(this_actor, state, stepper, navigator,
                              ^
/Users/andreas/cern/source/acts/acts/dev3/Core/include/Acts/Propagator/detail/actor_list_implementation.hpp:83:33: note: in instantiation of function template specialization 'Acts::detail::actor_list_impl<Acts::Test::EndOfWorld, Acts::PathLimitReached>::act<std::tuple<Acts::Test::StepCollector, Acts::Test::EndOfWorld, Acts::PathLimitReached>, Acts::PropagatorState<Acts::PropagatorOptions<Acts::EigenStepper<>::Options, Acts::Navigator::Options, Acts::ActorList<Acts::Test::StepCollector, Acts::Test::EndOfWorld, Acts::PathLimitReached>>, Acts::EigenStepper<>::State, Acts::Navigator::State, Acts::Test::StepCollector::this_result>, Acts::EigenStepper<>, Acts::Navigator, const Acts::Logger &>' requested here
    actor_list_impl<others...>::act(actors_tuple, state, stepper, navigator,
                                ^
/Users/andreas/cern/source/acts/acts/dev3/Core/include/Acts/Propagator/ActorList.hpp:107:11: note: in instantiation of function template specialization 'Acts::detail::actor_list_impl<Acts::Test::StepCollector, Acts::Test::EndOfWorld, Acts::PathLimitReached>::act<std::tuple<Acts::Test::StepCollector, Acts::Test::EndOfWorld, Acts::PathLimitReached>, Acts::PropagatorState<Acts::PropagatorOptions<Acts::EigenStepper<>::Options, Acts::Navigator::Options, Acts::ActorList<Acts::Test::StepCollector, Acts::Test::EndOfWorld, Acts::PathLimitReached>>, Acts::EigenStepper<>::State, Acts::Navigator::State, Acts::Test::StepCollector::this_result>, Acts::EigenStepper<>, Acts::Navigator, const Acts::Logger &>' requested here
    impl::act(tuple(), state, stepper, navigator, std::forward<Args>(args)...);
          ^
/Users/andreas/cern/source/acts/acts/dev3/Core/include/Acts/Propagator/Propagator.ipp:36:27: note: in instantiation of function template specialization 'Acts::ActorList<Acts::Test::StepCollector, Acts::Test::EndOfWorld, Acts::PathLimitReached>::act<Acts::PropagatorState<Acts::PropagatorOptions<Acts::EigenStepper<>::Options, Acts::Navigator::Options, Acts::ActorList<Acts::Test::StepCollector, Acts::Test::EndOfWorld, Acts::PathLimitReached>>, Acts::EigenStepper<>::State, Acts::Navigator::State, Acts::Test::StepCollector::this_result>, Acts::EigenStepper<>, Acts::Navigator, const Acts::Logger &>' requested here
  state.options.actorList.act(state, m_stepper, m_navigator, logger());
                          ^
/Users/andreas/cern/source/acts/acts/dev3/Core/include/Acts/Propagator/Propagator.ipp:122:28: note: in instantiation of function template specialization 'Acts::Propagator<Acts::EigenStepper<>, Acts::Navigator>::propagate<Acts::PropagatorState<Acts::PropagatorOptions<Acts::EigenStepper<>::Options, Acts::Navigator::Options, Acts::ActorList<Acts::Test::StepCollector, Acts::Test::EndOfWorld, Acts::PathLimitReached>>, Acts::EigenStepper<>::State, Acts::Navigator::State, Acts::Test::StepCollector::this_result>>' requested here
  auto propagationResult = propagate(state);
                           ^
/Users/andreas/cern/source/acts/acts/dev3/Tests/UnitTests/Core/Propagator/EigenStepperTests.cpp:906:35: note: in instantiation of function template specialization 'Acts::Propagator<Acts::EigenStepper<>, Acts::Navigator>::propagate<Acts::GenericCurvilinearTrackParameters<Acts::ParticleHypothesis>, Acts::PropagatorOptions<Acts::EigenStepper<>::Options, Acts::Navigator::Options, Acts::ActorList<Acts::Test::StepCollector, Acts::Test::EndOfWorld>>, Acts::PathLimitReached>' requested here
  const auto& resultDef = propDef.propagate(sbtp, propOptsDef).value();
                                  ^
In file included from /Users/andreas/cern/source/acts/acts/dev3/Tests/UnitTests/Core/Propagator/EigenStepperTests.cpp:34:
In file included from /Users/andreas/cern/source/acts/acts/dev3/Core/include/Acts/Propagator/ActorList.hpp:11:
/Users/andreas/cern/source/acts/acts/dev3/Core/include/Acts/Propagator/detail/actor_list_implementation.hpp:38:18: error: no member named 'check' in 'Acts::Test::StepCollector'
    return actor.check(state, stepper, navigator,
           ~~~~~ ^
/Users/andreas/cern/source/acts/acts/dev3/Core/include/Acts/Propagator/detail/actor_list_implementation.hpp:94:38: note: in instantiation of function template specialization 'Acts::detail::(anonymous namespace)::actor_caller<>::check<Acts::Test::StepCollector, Acts::PropagatorState<Acts::PropagatorOptions<Acts::EigenStepper<>::Options, Acts::Navigator::Options, Acts::ActorList<Acts::Test::StepCollector, Acts::Test::EndOfWorld, Acts::PathLimitReached>>, Acts::EigenStepper<>::State, Acts::Navigator::State, Acts::Test::StepCollector::this_result>, Acts::EigenStepper<>, Acts::Navigator, const Acts::Logger &>' requested here
    return actor_caller<has_result>::check(this_actor, state, stepper,
                                     ^
/Users/andreas/cern/source/acts/acts/dev3/Core/include/Acts/Propagator/ActorList.hpp:125:18: note: in instantiation of function template specialization 'Acts::detail::actor_list_impl<Acts::Test::StepCollector, Acts::Test::EndOfWorld, Acts::PathLimitReached>::check<std::tuple<Acts::Test::StepCollector, Acts::Test::EndOfWorld, Acts::PathLimitReached>, Acts::PropagatorState<Acts::PropagatorOptions<Acts::EigenStepper<>::Options, Acts::Navigator::Options, Acts::ActorList<Acts::Test::StepCollector, Acts::Test::EndOfWorld, Acts::PathLimitReached>>, Acts::EigenStepper<>::State, Acts::Navigator::State, Acts::Test::StepCollector::this_result>, Acts::EigenStepper<>, Acts::Navigator, const Acts::Logger &>' requested here
    return impl::check(tuple(), state, stepper, navigator,
                 ^
/Users/andreas/cern/source/acts/acts/dev3/Core/include/Acts/Propagator/Propagator.ipp:44:32: note: in instantiation of function template specialization 'Acts::ActorList<Acts::Test::StepCollector, Acts::Test::EndOfWorld, Acts::PathLimitReached>::check<Acts::PropagatorState<Acts::PropagatorOptions<Acts::EigenStepper<>::Options, Acts::Navigator::Options, Acts::ActorList<Acts::Test::StepCollector, Acts::Test::EndOfWorld, Acts::PathLimitReached>>, Acts::EigenStepper<>::State, Acts::Navigator::State, Acts::Test::StepCollector::this_result>, Acts::EigenStepper<>, Acts::Navigator, const Acts::Logger &>' requested here
  if (!state.options.actorList.check(state, m_stepper, m_navigator, logger())) {
                               ^
/Users/andreas/cern/source/acts/acts/dev3/Core/include/Acts/Propagator/Propagator.ipp:122:28: note: in instantiation of function template specialization 'Acts::Propagator<Acts::EigenStepper<>, Acts::Navigator>::propagate<Acts::PropagatorState<Acts::PropagatorOptions<Acts::EigenStepper<>::Options, Acts::Navigator::Options, Acts::ActorList<Acts::Test::StepCollector, Acts::Test::EndOfWorld, Acts::PathLimitReached>>, Acts::EigenStepper<>::State, Acts::Navigator::State, Acts::Test::StepCollector::this_result>>' requested here
  auto propagationResult = propagate(state);
                           ^
/Users/andreas/cern/source/acts/acts/dev3/Tests/UnitTests/Core/Propagator/EigenStepperTests.cpp:906:35: note: in instantiation of function template specialization 'Acts::Propagator<Acts::EigenStepper<>, Acts::Navigator>::propagate<Acts::GenericCurvilinearTrackParameters<Acts::ParticleHypothesis>, Acts::PropagatorOptions<Acts::EigenStepper<>::Options, Acts::Navigator::Options, Acts::ActorList<Acts::Test::StepCollector, Acts::Test::EndOfWorld>>, Acts::PathLimitReached>' requested here
  const auto& resultDef = propDef.propagate(sbtp, propOptsDef).value();
                                  ^
In file included from /Users/andreas/cern/source/acts/acts/dev3/Tests/UnitTests/Core/Propagator/EigenStepperTests.cpp:34:
In file included from /Users/andreas/cern/source/acts/acts/dev3/Core/include/Acts/Propagator/ActorList.hpp:11:
/Users/andreas/cern/source/acts/acts/dev3/Core/include/Acts/Propagator/detail/actor_list_implementation.hpp:60:18: error: no member named 'check' in 'Acts::Test::EndOfWorld'
    return actor.check(state, stepper, navigator, std::forward<Args>(args)...);
           ~~~~~ ^
/Users/andreas/cern/source/acts/acts/dev3/Core/include/Acts/Propagator/detail/actor_list_implementation.hpp:94:38: note: in instantiation of function template specialization 'Acts::detail::(anonymous namespace)::actor_caller<false>::check<Acts::Test::EndOfWorld, Acts::PropagatorState<Acts::PropagatorOptions<Acts::EigenStepper<>::Options, Acts::Navigator::Options, Acts::ActorList<Acts::Test::StepCollector, Acts::Test::EndOfWorld, Acts::PathLimitReached>>, Acts::EigenStepper<>::State, Acts::Navigator::State, Acts::Test::StepCollector::this_result>, Acts::EigenStepper<>, Acts::Navigator, const Acts::Logger &>' requested here
    return actor_caller<has_result>::check(this_actor, state, stepper,
                                     ^
/Users/andreas/cern/source/acts/acts/dev3/Core/include/Acts/Propagator/detail/actor_list_implementation.hpp:96:40: note: in instantiation of function template specialization 'Acts::detail::actor_list_impl<Acts::Test::EndOfWorld, Acts::PathLimitReached>::check<std::tuple<Acts::Test::StepCollector, Acts::Test::EndOfWorld, Acts::PathLimitReached>, Acts::PropagatorState<Acts::PropagatorOptions<Acts::EigenStepper<>::Options, Acts::Navigator::Options, Acts::ActorList<Acts::Test::StepCollector, Acts::Test::EndOfWorld, Acts::PathLimitReached>>, Acts::EigenStepper<>::State, Acts::Navigator::State, Acts::Test::StepCollector::this_result>, Acts::EigenStepper<>, Acts::Navigator, const Acts::Logger &>' requested here
           actor_list_impl<others...>::check(actors_tuple, state, stepper,
                                       ^
/Users/andreas/cern/source/acts/acts/dev3/Core/include/Acts/Propagator/ActorList.hpp:125:18: note: in instantiation of function template specialization 'Acts::detail::actor_list_impl<Acts::Test::StepCollector, Acts::Test::EndOfWorld, Acts::PathLimitReached>::check<std::tuple<Acts::Test::StepCollector, Acts::Test::EndOfWorld, Acts::PathLimitReached>, Acts::PropagatorState<Acts::PropagatorOptions<Acts::EigenStepper<>::Options, Acts::Navigator::Options, Acts::ActorList<Acts::Test::StepCollector, Acts::Test::EndOfWorld, Acts::PathLimitReached>>, Acts::EigenStepper<>::State, Acts::Navigator::State, Acts::Test::StepCollector::this_result>, Acts::EigenStepper<>, Acts::Navigator, const Acts::Logger &>' requested here
    return impl::check(tuple(), state, stepper, navigator,
                 ^
/Users/andreas/cern/source/acts/acts/dev3/Core/include/Acts/Propagator/Propagator.ipp:44:32: note: in instantiation of function template specialization 'Acts::ActorList<Acts::Test::StepCollector, Acts::Test::EndOfWorld, Acts::PathLimitReached>::check<Acts::PropagatorState<Acts::PropagatorOptions<Acts::EigenStepper<>::Options, Acts::Navigator::Options, Acts::ActorList<Acts::Test::StepCollector, Acts::Test::EndOfWorld, Acts::PathLimitReached>>, Acts::EigenStepper<>::State, Acts::Navigator::State, Acts::Test::StepCollector::this_result>, Acts::EigenStepper<>, Acts::Navigator, const Acts::Logger &>' requested here
  if (!state.options.actorList.check(state, m_stepper, m_navigator, logger())) {
                               ^
/Users/andreas/cern/source/acts/acts/dev3/Core/include/Acts/Propagator/Propagator.ipp:122:28: note: in instantiation of function template specialization 'Acts::Propagator<Acts::EigenStepper<>, Acts::Navigator>::propagate<Acts::PropagatorState<Acts::PropagatorOptions<Acts::EigenStepper<>::Options, Acts::Navigator::Options, Acts::ActorList<Acts::Test::StepCollector, Acts::Test::EndOfWorld, Acts::PathLimitReached>>, Acts::EigenStepper<>::State, Acts::Navigator::State, Acts::Test::StepCollector::this_result>>' requested here
  auto propagationResult = propagate(state);
                           ^
/Users/andreas/cern/source/acts/acts/dev3/Tests/UnitTests/Core/Propagator/EigenStepperTests.cpp:906:35: note: in instantiation of function template specialization 'Acts::Propagator<Acts::EigenStepper<>, Acts::Navigator>::propagate<Acts::GenericCurvilinearTrackParameters<Acts::ParticleHypothesis>, Acts::PropagatorOptions<Acts::EigenStepper<>::Options, Acts::Navigator::Options, Acts::ActorList<Acts::Test::StepCollector, Acts::Test::EndOfWorld>>, Acts::PathLimitReached>' requested here
  const auto& resultDef = propDef.propagate(sbtp, propOptsDef).value();
                                  ^
In file included from /Users/andreas/cern/source/acts/acts/dev3/Tests/UnitTests/Core/Propagator/EigenStepperTests.cpp:34:
In file included from /Users/andreas/cern/source/acts/acts/dev3/Core/include/Acts/Propagator/ActorList.hpp:11:
/Users/andreas/cern/source/acts/acts/dev3/Core/include/Acts/Propagator/detail/actor_list_implementation.hpp:28:11: error: no member named 'act' in 'Acts::Test::StepCollector'
    actor.act(state, stepper, navigator,
    ~~~~~ ^
/Users/andreas/cern/source/acts/acts/dev3/Core/include/Acts/Propagator/detail/actor_list_implementation.hpp:81:31: note: in instantiation of function template specialization 'Acts::detail::(anonymous namespace)::actor_caller<>::act<Acts::Test::StepCollector, Acts::PropagatorState<Acts::PropagatorOptions<Acts::EigenStepper<Acts::StepperExtensionList<Acts::DefaultExtension, Acts::DenseEnvironmentExtension>>::Options, Acts::Navigator::Options, Acts::ActorList<Acts::Test::StepCollector, Acts::Test::EndOfWorld, Acts::PathLimitReached>>, Acts::EigenStepper<Acts::StepperExtensionList<Acts::DefaultExtension, Acts::DenseEnvironmentExtension>>::State, Acts::Navigator::State, Acts::Test::StepCollector::this_result>, Acts::EigenStepper<Acts::StepperExtensionList<Acts::DefaultExtension, Acts::DenseEnvironmentExtension>>, Acts::Navigator, const Acts::Logger &>' requested here
    actor_caller<has_result>::act(this_actor, state, stepper, navigator,
                              ^
/Users/andreas/cern/source/acts/acts/dev3/Core/include/Acts/Propagator/ActorList.hpp:107:11: note: in instantiation of function template specialization 'Acts::detail::actor_list_impl<Acts::Test::StepCollector, Acts::Test::EndOfWorld, Acts::PathLimitReached>::act<std::tuple<Acts::Test::StepCollector, Acts::Test::EndOfWorld, Acts::PathLimitReached>, Acts::PropagatorState<Acts::PropagatorOptions<Acts::EigenStepper<Acts::StepperExtensionList<Acts::DefaultExtension, Acts::DenseEnvironmentExtension>>::Options, Acts::Navigator::Options, Acts::ActorList<Acts::Test::StepCollector, Acts::Test::EndOfWorld, Acts::PathLimitReached>>, Acts::EigenStepper<Acts::StepperExtensionList<Acts::DefaultExtension, Acts::DenseEnvironmentExtension>>::State, Acts::Navigator::State, Acts::Test::StepCollector::this_result>, Acts::EigenStepper<Acts::StepperExtensionList<Acts::DefaultExtension, Acts::DenseEnvironmentExtension>>, Acts::Navigator, const Acts::Logger &>' requested here
    impl::act(tuple(), state, stepper, navigator, std::forward<Args>(args)...);
          ^
/Users/andreas/cern/source/acts/acts/dev3/Core/include/Acts/Propagator/Propagator.ipp:36:27: note: in instantiation of function template specialization 'Acts::ActorList<Acts::Test::StepCollector, Acts::Test::EndOfWorld, Acts::PathLimitReached>::act<Acts::PropagatorState<Acts::PropagatorOptions<Acts::EigenStepper<Acts::StepperExtensionList<Acts::DefaultExtension, Acts::DenseEnvironmentExtension>>::Options, Acts::Navigator::Options, Acts::ActorList<Acts::Test::StepCollector, Acts::Test::EndOfWorld, Acts::PathLimitReached>>, Acts::EigenStepper<Acts::StepperExtensionList<Acts::DefaultExtension, Acts::DenseEnvironmentExtension>>::State, Acts::Navigator::State, Acts::Test::StepCollector::this_result>, Acts::EigenStepper<Acts::StepperExtensionList<Acts::DefaultExtension, Acts::DenseEnvironmentExtension>>, Acts::Navigator, const Acts::Logger &>' requested here
  state.options.actorList.act(state, m_stepper, m_navigator, logger());
                          ^
/Users/andreas/cern/source/acts/acts/dev3/Core/include/Acts/Propagator/Propagator.ipp:122:28: note: in instantiation of function template specialization 'Acts::Propagator<Acts::EigenStepper<Acts::StepperExtensionList<Acts::DefaultExtension, Acts::DenseEnvironmentExtension>>, Acts::Navigator>::propagate<Acts::PropagatorState<Acts::PropagatorOptions<Acts::EigenStepper<Acts::StepperExtensionList<Acts::DefaultExtension, Acts::DenseEnvironmentExtension>>::Options, Acts::Navigator::Options, Acts::ActorList<Acts::Test::StepCollector, Acts::Test::EndOfWorld, Acts::PathLimitReached>>, Acts::EigenStepper<Acts::StepperExtensionList<Acts::DefaultExtension, Acts::DenseEnvironmentExtension>>::State, Acts::Navigator::State, Acts::Test::StepCollector::this_result>>' requested here
  auto propagationResult = propagate(state);
                           ^
/Users/andreas/cern/source/acts/acts/dev3/Tests/UnitTests/Core/Propagator/EigenStepperTests.cpp:958:39: note: in instantiation of function template specialization 'Acts::Propagator<Acts::EigenStepper<Acts::StepperExtensionList<Acts::DefaultExtension, Acts::DenseEnvironmentExtension>>, Acts::Navigator>::propagate<Acts::GenericCurvilinearTrackParameters<Acts::ParticleHypothesis>, Acts::PropagatorOptions<Acts::EigenStepper<Acts::StepperExtensionList<Acts::DefaultExtension, Acts::DenseEnvironmentExtension>>::Options, Acts::Navigator::Options, Acts::ActorList<Acts::Test::StepCollector, Acts::Test::EndOfWorld>>, Acts::PathLimitReached>' requested here
  const auto& resultDense = propDense.propagate(sbtp, propOptsDense).value();
                                      ^
In file included from /Users/andreas/cern/source/acts/acts/dev3/Tests/UnitTests/Core/Propagator/EigenStepperTests.cpp:34:
In file included from /Users/andreas/cern/source/acts/acts/dev3/Core/include/Acts/Propagator/ActorList.hpp:11:
/Users/andreas/cern/source/acts/acts/dev3/Core/include/Acts/Propagator/detail/actor_list_implementation.hpp:52:11: error: no member named 'act' in 'Acts::Test::EndOfWorld'
    actor.act(state, stepper, navigator, std::forward<Args>(args)...);
    ~~~~~ ^
/Users/andreas/cern/source/acts/acts/dev3/Core/include/Acts/Propagator/detail/actor_list_implementation.hpp:81:31: note: in instantiation of function template specialization 'Acts::detail::(anonymous namespace)::actor_caller<false>::act<Acts::Test::EndOfWorld, Acts::PropagatorState<Acts::PropagatorOptions<Acts::EigenStepper<Acts::StepperExtensionList<Acts::DefaultExtension, Acts::DenseEnvironmentExtension>>::Options, Acts::Navigator::Options, Acts::ActorList<Acts::Test::StepCollector, Acts::Test::EndOfWorld, Acts::PathLimitReached>>, Acts::EigenStepper<Acts::StepperExtensionList<Acts::DefaultExtension, Acts::DenseEnvironmentExtension>>::State, Acts::Navigator::State, Acts::Test::StepCollector::this_result>, Acts::EigenStepper<Acts::StepperExtensionList<Acts::DefaultExtension, Acts::DenseEnvironmentExtension>>, Acts::Navigator, const Acts::Logger &>' requested here
    actor_caller<has_result>::act(this_actor, state, stepper, navigator,
                              ^
/Users/andreas/cern/source/acts/acts/dev3/Core/include/Acts/Propagator/detail/actor_list_implementation.hpp:83:33: note: in instantiation of function template specialization 'Acts::detail::actor_list_impl<Acts::Test::EndOfWorld, Acts::PathLimitReached>::act<std::tuple<Acts::Test::StepCollector, Acts::Test::EndOfWorld, Acts::PathLimitReached>, Acts::PropagatorState<Acts::PropagatorOptions<Acts::EigenStepper<Acts::StepperExtensionList<Acts::DefaultExtension, Acts::DenseEnvironmentExtension>>::Options, Acts::Navigator::Options, Acts::ActorList<Acts::Test::StepCollector, Acts::Test::EndOfWorld, Acts::PathLimitReached>>, Acts::EigenStepper<Acts::StepperExtensionList<Acts::DefaultExtension, Acts::DenseEnvironmentExtension>>::State, Acts::Navigator::State, Acts::Test::StepCollector::this_result>, Acts::EigenStepper<Acts::StepperExtensionList<Acts::DefaultExtension, Acts::DenseEnvironmentExtension>>, Acts::Navigator, const Acts::Logger &>' requested here
    actor_list_impl<others...>::act(actors_tuple, state, stepper, navigator,
                                ^
/Users/andreas/cern/source/acts/acts/dev3/Core/include/Acts/Propagator/ActorList.hpp:107:11: note: in instantiation of function template specialization 'Acts::detail::actor_list_impl<Acts::Test::StepCollector, Acts::Test::EndOfWorld, Acts::PathLimitReached>::act<std::tuple<Acts::Test::StepCollector, Acts::Test::EndOfWorld, Acts::PathLimitReached>, Acts::PropagatorState<Acts::PropagatorOptions<Acts::EigenStepper<Acts::StepperExtensionList<Acts::DefaultExtension, Acts::DenseEnvironmentExtension>>::Options, Acts::Navigator::Options, Acts::ActorList<Acts::Test::StepCollector, Acts::Test::EndOfWorld, Acts::PathLimitReached>>, Acts::EigenStepper<Acts::StepperExtensionList<Acts::DefaultExtension, Acts::DenseEnvironmentExtension>>::State, Acts::Navigator::State, Acts::Test::StepCollector::this_result>, Acts::EigenStepper<Acts::StepperExtensionList<Acts::DefaultExtension, Acts::DenseEnvironmentExtension>>, Acts::Navigator, const Acts::Logger &>' requested here
    impl::act(tuple(), state, stepper, navigator, std::forward<Args>(args)...);
          ^
/Users/andreas/cern/source/acts/acts/dev3/Core/include/Acts/Propagator/Propagator.ipp:36:27: note: in instantiation of function template specialization 'Acts::ActorList<Acts::Test::StepCollector, Acts::Test::EndOfWorld, Acts::PathLimitReached>::act<Acts::PropagatorState<Acts::PropagatorOptions<Acts::EigenStepper<Acts::StepperExtensionList<Acts::DefaultExtension, Acts::DenseEnvironmentExtension>>::Options, Acts::Navigator::Options, Acts::ActorList<Acts::Test::StepCollector, Acts::Test::EndOfWorld, Acts::PathLimitReached>>, Acts::EigenStepper<Acts::StepperExtensionList<Acts::DefaultExtension, Acts::DenseEnvironmentExtension>>::State, Acts::Navigator::State, Acts::Test::StepCollector::this_result>, Acts::EigenStepper<Acts::StepperExtensionList<Acts::DefaultExtension, Acts::DenseEnvironmentExtension>>, Acts::Navigator, const Acts::Logger &>' requested here
  state.options.actorList.act(state, m_stepper, m_navigator, logger());
                          ^
/Users/andreas/cern/source/acts/acts/dev3/Core/include/Acts/Propagator/Propagator.ipp:122:28: note: in instantiation of function template specialization 'Acts::Propagator<Acts::EigenStepper<Acts::StepperExtensionList<Acts::DefaultExtension, Acts::DenseEnvironmentExtension>>, Acts::Navigator>::propagate<Acts::PropagatorState<Acts::PropagatorOptions<Acts::EigenStepper<Acts::StepperExtensionList<Acts::DefaultExtension, Acts::DenseEnvironmentExtension>>::Options, Acts::Navigator::Options, Acts::ActorList<Acts::Test::StepCollector, Acts::Test::EndOfWorld, Acts::PathLimitReached>>, Acts::EigenStepper<Acts::StepperExtensionList<Acts::DefaultExtension, Acts::DenseEnvironmentExtension>>::State, Acts::Navigator::State, Acts::Test::StepCollector::this_result>>' requested here
  auto propagationResult = propagate(state);
                           ^
/Users/andreas/cern/source/acts/acts/dev3/Tests/UnitTests/Core/Propagator/EigenStepperTests.cpp:958:39: note: in instantiation of function template specialization 'Acts::Propagator<Acts::EigenStepper<Acts::StepperExtensionList<Acts::DefaultExtension, Acts::DenseEnvironmentExtension>>, Acts::Navigator>::propagate<Acts::GenericCurvilinearTrackParameters<Acts::ParticleHypothesis>, Acts::PropagatorOptions<Acts::EigenStepper<Acts::StepperExtensionList<Acts::DefaultExtension, Acts::DenseEnvironmentExtension>>::Options, Acts::Navigator::Options, Acts::ActorList<Acts::Test::StepCollector, Acts::Test::EndOfWorld>>, Acts::PathLimitReached>' requested here
  const auto& resultDense = propDense.propagate(sbtp, propOptsDense).value();
                                      ^
In file included from /Users/andreas/cern/source/acts/acts/dev3/Tests/UnitTests/Core/Propagator/EigenStepperTests.cpp:34:
In file included from /Users/andreas/cern/source/acts/acts/dev3/Core/include/Acts/Propagator/ActorList.hpp:11:
/Users/andreas/cern/source/acts/acts/dev3/Core/include/Acts/Propagator/detail/actor_list_implementation.hpp:38:18: error: no member named 'check' in 'Acts::Test::StepCollector'
    return actor.check(state, stepper, navigator,
           ~~~~~ ^
/Users/andreas/cern/source/acts/acts/dev3/Core/include/Acts/Propagator/detail/actor_list_implementation.hpp:94:38: note: in instantiation of function template specialization 'Acts::detail::(anonymous namespace)::actor_caller<>::check<Acts::Test::StepCollector, Acts::PropagatorState<Acts::PropagatorOptions<Acts::EigenStepper<Acts::StepperExtensionList<Acts::DefaultExtension, Acts::DenseEnvironmentExtension>>::Options, Acts::Navigator::Options, Acts::ActorList<Acts::Test::StepCollector, Acts::Test::EndOfWorld, Acts::PathLimitReached>>, Acts::EigenStepper<Acts::StepperExtensionList<Acts::DefaultExtension, Acts::DenseEnvironmentExtension>>::State, Acts::Navigator::State, Acts::Test::StepCollector::this_result>, Acts::EigenStepper<Acts::StepperExtensionList<Acts::DefaultExtension, Acts::DenseEnvironmentExtension>>, Acts::Navigator, const Acts::Logger &>' requested here
    return actor_caller<has_result>::check(this_actor, state, stepper,
                                     ^
/Users/andreas/cern/source/acts/acts/dev3/Core/include/Acts/Propagator/ActorList.hpp:125:18: note: in instantiation of function template specialization 'Acts::detail::actor_list_impl<Acts::Test::StepCollector, Acts::Test::EndOfWorld, Acts::PathLimitReached>::check<std::tuple<Acts::Test::StepCollector, Acts::Test::EndOfWorld, Acts::PathLimitReached>, Acts::PropagatorState<Acts::PropagatorOptions<Acts::EigenStepper<Acts::StepperExtensionList<Acts::DefaultExtension, Acts::DenseEnvironmentExtension>>::Options, Acts::Navigator::Options, Acts::ActorList<Acts::Test::StepCollector, Acts::Test::EndOfWorld, Acts::PathLimitReached>>, Acts::EigenStepper<Acts::StepperExtensionList<Acts::DefaultExtension, Acts::DenseEnvironmentExtension>>::State, Acts::Navigator::State, Acts::Test::StepCollector::this_result>, Acts::EigenStepper<Acts::StepperExtensionList<Acts::DefaultExtension, Acts::DenseEnvironmentExtension>>, Acts::Navigator, const Acts::Logger &>' requested here
    return impl::check(tuple(), state, stepper, navigator,
                 ^
/Users/andreas/cern/source/acts/acts/dev3/Core/include/Acts/Propagator/Propagator.ipp:44:32: note: in instantiation of function template specialization 'Acts::ActorList<Acts::Test::StepCollector, Acts::Test::EndOfWorld, Acts::PathLimitReached>::check<Acts::PropagatorState<Acts::PropagatorOptions<Acts::EigenStepper<Acts::StepperExtensionList<Acts::DefaultExtension, Acts::DenseEnvironmentExtension>>::Options, Acts::Navigator::Options, Acts::ActorList<Acts::Test::StepCollector, Acts::Test::EndOfWorld, Acts::PathLimitReached>>, Acts::EigenStepper<Acts::StepperExtensionList<Acts::DefaultExtension, Acts::DenseEnvironmentExtension>>::State, Acts::Navigator::State, Acts::Test::StepCollector::this_result>, Acts::EigenStepper<Acts::StepperExtensionList<Acts::DefaultExtension, Acts::DenseEnvironmentExtension>>, Acts::Navigator, const Acts::Logger &>' requested here
  if (!state.options.actorList.check(state, m_stepper, m_navigator, logger())) {
                               ^
/Users/andreas/cern/source/acts/acts/dev3/Core/include/Acts/Propagator/Propagator.ipp:122:28: note: in instantiation of function template specialization 'Acts::Propagator<Acts::EigenStepper<Acts::StepperExtensionList<Acts::DefaultExtension, Acts::DenseEnvironmentExtension>>, Acts::Navigator>::propagate<Acts::PropagatorState<Acts::PropagatorOptions<Acts::EigenStepper<Acts::StepperExtensionList<Acts::DefaultExtension, Acts::DenseEnvironmentExtension>>::Options, Acts::Navigator::Options, Acts::ActorList<Acts::Test::StepCollector, Acts::Test::EndOfWorld, Acts::PathLimitReached>>, Acts::EigenStepper<Acts::StepperExtensionList<Acts::DefaultExtension, Acts::DenseEnvironmentExtension>>::State, Acts::Navigator::State, Acts::Test::StepCollector::this_result>>' requested here
  auto propagationResult = propagate(state);
                           ^
/Users/andreas/cern/source/acts/acts/dev3/Tests/UnitTests/Core/Propagator/EigenStepperTests.cpp:958:39: note: in instantiation of function template specialization 'Acts::Propagator<Acts::EigenStepper<Acts::StepperExtensionList<Acts::DefaultExtension, Acts::DenseEnvironmentExtension>>, Acts::Navigator>::propagate<Acts::GenericCurvilinearTrackParameters<Acts::ParticleHypothesis>, Acts::PropagatorOptions<Acts::EigenStepper<Acts::StepperExtensionList<Acts::DefaultExtension, Acts::DenseEnvironmentExtension>>::Options, Acts::Navigator::Options, Acts::ActorList<Acts::Test::StepCollector, Acts::Test::EndOfWorld>>, Acts::PathLimitReached>' requested here
  const auto& resultDense = propDense.propagate(sbtp, propOptsDense).value();
                                      ^
fatal error: too many errors emitted, stopping now [-ferror-limit=]
20 errors generated.
ninja: build stopped: subcommand failed.
